#
# There is insufficient memory for the Java Runtime Environment to continue.
# Native memory allocation (malloc) failed to allocate 313456 bytes for Chunk::new
# Possible reasons:
#   The system is out of physical RAM or swap space
#   In 32 bit mode, the process size limit was hit
# Possible solutions:
#   Reduce memory load on the system
#   Increase physical memory or swap space
#   Check if swap backing store is full
#   Use 64 bit Java on a 64 bit OS
#   Decrease Java heap size (-Xmx/-Xms)
#   Decrease number of Java threads
#   Decrease Java thread stack sizes (-Xss)
#   Set larger code cache with -XX:ReservedCodeCacheSize=
# This output file may be truncated or incomplete.
#
#  Out of Memory Error (allocation.cpp:390), pid=9388, tid=0x0000000000000874
#
# JRE version: OpenJDK Runtime Environment (8.0_112-b06) (build 1.8.0_112-release-b06)
# Java VM: OpenJDK 64-Bit Server VM (25.112-b06 mixed mode windows-amd64 compressed oops)
# Failed to write core dump. Minidumps are not enabled by default on client versions of Windows
#

---------------  T H R E A D  ---------------

Current thread (0x000000001649f800):  
[error occurred during error reporting (printing current thread), id 0xc0000005]

Stack: [0x0000000017bf0000,0x0000000017cf0000]
[error occurred during error reporting (printing stack bounds), id 0xc0000005]

Native frames: (J=compiled Java code, j=interpreted, Vv=VM code, C=native code)


Current CompileTask:
C2:   4287 1401   !   4       java.net.URLClassLoader$1::run (63 bytes)


---------------  P R O C E S S  ---------------

Java Threads: ( => current thread )
  0x0000000019894000 JavaThread "File lock request listener" [_thread_in_native, id=6852, stack(0x000000001c110000,0x000000001c210000)]
  0x000000001967a800 JavaThread "Stdin handler" [_thread_blocked, id=1256, stack(0x000000001be10000,0x000000001bf10000)]
  0x000000001967a000 JavaThread "Asynchronous log dispatcher for DefaultDaemonConnection: socket connection from /127.0.0.1:50423 to /127.0.0.1:50424" [_thread_blocked, id=8952, stack(0x000000001bd10000,0x000000001be10000)]
  0x0000000019678000 JavaThread "Daemon worker" [_thread_blocked, id=2140, stack(0x000000001bc10000,0x000000001bd10000)]
  0x0000000019657000 JavaThread "Cancel handler" [_thread_blocked, id=880, stack(0x000000001bb10000,0x000000001bc10000)]
  0x000000001967e000 JavaThread "pool-1-thread-1" [_thread_blocked, id=3216, stack(0x000000001ba10000,0x000000001bb10000)]
  0x00000000193b2000 JavaThread "Handler for socket connection from /127.0.0.1:50423 to /127.0.0.1:50424" [_thread_in_native, id=8168, stack(0x000000001b910000,0x000000001ba10000)]
  0x00000000193b4800 JavaThread "Daemon" [_thread_blocked, id=6580, stack(0x000000001a020000,0x000000001a120000)]
  0x0000000019130000 JavaThread "Incoming local TCP Connector on port 50423" [_thread_in_native, id=8748, stack(0x0000000019bc0000,0x0000000019cc0000)]
  0x00000000164fe800 JavaThread "Service Thread" daemon [_thread_blocked, id=9024, stack(0x00000000181f0000,0x00000000182f0000)]
  0x00000000164a6000 JavaThread "C1 CompilerThread2" daemon [_thread_blocked, id=9580, stack(0x0000000017cf0000,0x0000000017df0000)]
=>0x000000001649f800 JavaThread "C2 CompilerThread1" daemon [_thread_in_native, id=2164, stack(0x0000000017bf0000,0x0000000017cf0000)]
  0x000000001649c000 JavaThread "C2 CompilerThread0" daemon [_thread_in_native, id=1368, stack(0x0000000017af0000,0x0000000017bf0000)]
  0x000000001649a800 JavaThread "Attach Listener" daemon [_thread_blocked, id=5736, stack(0x00000000179f0000,0x0000000017af0000)]
  0x0000000016499800 JavaThread "Signal Dispatcher" daemon [_thread_blocked, id=5672, stack(0x00000000178f0000,0x00000000179f0000)]
  0x000000000166b000 JavaThread "Finalizer" daemon [_thread_blocked, id=3716, stack(0x00000000176f0000,0x00000000177f0000)]
  0x0000000001660800 JavaThread "Reference Handler" daemon [_thread_blocked, id=3492, stack(0x00000000175f0000,0x00000000176f0000)]
  0x0000000001570800 JavaThread "main" [_thread_blocked, id=5764, stack(0x00000000013d0000,0x00000000014d0000)]

Other Threads:
  0x0000000016465800 VMThread [stack: 0x00000000174f0000,0x00000000175f0000] [id=6196]
  0x0000000017e17000 WatcherThread [stack: 0x00000000182f0000,0x00000000183f0000] [id=8524]

VM state:at safepoint (normal execution)

VM Mutex/Monitor currently owned by a thread:  ([mutex/lock_event])
[0x0000000000c3bf80] Threads_lock - owner thread: 0x0000000016465800
[0x0000000000c3c400] Heap_lock - owner thread: 0x0000000019678000

Heap:
 PSYoungGen      total 38912K, used 3620K [0x00000000e0000000, 0x00000000e2c00000, 0x0000000100000000)
  eden space 32768K, 0% used [0x00000000e0000000,0x00000000e0000000,0x00000000e2000000)
  from space 6144K, 58% used [0x00000000e2000000,0x00000000e23890e0,0x00000000e2600000)
  to   space 6144K, 0% used [0x00000000e2600000,0x00000000e2600000,0x00000000e2c00000)
 ParOldGen       total 44032K, used 7226K [0x00000000a0000000, 0x00000000a2b00000, 0x00000000e0000000)
  object space 44032K, 16% used [0x00000000a0000000,0x00000000a070eb30,0x00000000a2b00000)
 Metaspace       used 17578K, capacity 17942K, committed 18048K, reserved 1069056K
  class space    used 2457K, capacity 2596K, committed 2688K, reserved 1048576K

Card table byte_map: [0x0000000001a30000,0x0000000001d40000] byte_map_base: 0x0000000001530000

Marking Bits: (ParMarkBitMap*) 0x00000000746118f0
 Begin Bits: [0x0000000012800000, 0x0000000014000000)
 End Bits:   [0x0000000014000000, 0x0000000015800000)

Polling page: 0x0000000000c20000

CodeCache: size=245760Kb used=5111Kb max_used=5111Kb free=240648Kb
 bounds [0x0000000003400000, 0x0000000003910000, 0x0000000012400000]
 total_blobs=1901 nmethods=1506 adapters=308
 compilation: enabled

Compilation events (10 events):
Event: 4.217 Thread 0x00000000164a6000 1518       2       org.codehaus.groovy.reflection.ClassInfo$LocalMap::get (48 bytes)
Event: 4.218 Thread 0x00000000164a6000 nmethod 1518 0x00000000038fe7d0 code [0x00000000038fe9a0, 0x00000000038fef28]
Event: 4.218 Thread 0x00000000164a6000 1519       2       groovy.lang.MetaMethod::<init> (5 bytes)
Event: 4.218 Thread 0x00000000164a6000 nmethod 1519 0x00000000038ff650 code [0x00000000038ff7a0, 0x00000000038ff8f0]
Event: 4.218 Thread 0x00000000164a6000 1520       2       org.codehaus.groovy.reflection.ParameterTypes::<init> (5 bytes)
Event: 4.218 Thread 0x00000000164a6000 nmethod 1520 0x00000000038ff990 code [0x00000000038ffae0, 0x00000000038ffc30]
Event: 4.218 Thread 0x00000000164a6000 1521       2       org.codehaus.groovy.reflection.GeneratedMetaMethod$Proxy::<init> (16 bytes)
Event: 4.219 Thread 0x00000000164a6000 nmethod 1521 0x00000000038ffcd0 code [0x00000000038ffe20, 0x00000000038fffd0]
Event: 4.219 Thread 0x00000000164a6000 1516       2       org.codehaus.groovy.util.ManagedReference::get (10 bytes)
Event: 4.219 Thread 0x00000000164a6000 nmethod 1516 0x0000000003900050 code [0x00000000039001c0, 0x0000000003900348]

GC Heap History (10 events):
Event: 1.126 GC heap after
Heap after GC invocations=2 (full 0):
 PSYoungGen      total 18944K, used 2371K [0x00000000e0000000, 0x00000000e1500000, 0x0000000100000000)
  eden space 16384K, 0% used [0x00000000e0000000,0x00000000e0000000,0x00000000e1000000)
  from space 2560K, 92% used [0x00000000e1280000,0x00000000e14d0d30,0x00000000e1500000)
  to   space 2560K, 0% used [0x00000000e1000000,0x00000000e1000000,0x00000000e1280000)
 ParOldGen       total 44032K, used 622K [0x00000000a0000000, 0x00000000a2b00000, 0x00000000e0000000)
  object space 44032K, 1% used [0x00000000a0000000,0x00000000a009bb58,0x00000000a2b00000)
 Metaspace       used 6804K, capacity 7028K, committed 7040K, reserved 1056768K
  class space    used 833K, capacity 892K, committed 896K, reserved 1048576K
}
Event: 1.770 GC heap before
{Heap before GC invocations=3 (full 0):
 PSYoungGen      total 18944K, used 18755K [0x00000000e0000000, 0x00000000e1500000, 0x0000000100000000)
  eden space 16384K, 100% used [0x00000000e0000000,0x00000000e1000000,0x00000000e1000000)
  from space 2560K, 92% used [0x00000000e1280000,0x00000000e14d0d30,0x00000000e1500000)
  to   space 2560K, 0% used [0x00000000e1000000,0x00000000e1000000,0x00000000e1280000)
 ParOldGen       total 44032K, used 622K [0x00000000a0000000, 0x00000000a2b00000, 0x00000000e0000000)
  object space 44032K, 1% used [0x00000000a0000000,0x00000000a009bb58,0x00000000a2b00000)
 Metaspace       used 8883K, capacity 9044K, committed 9216K, reserved 1056768K
  class space    used 1133K, capacity 1223K, committed 1280K, reserved 1048576K
Event: 1.776 GC heap after
Heap after GC invocations=3 (full 0):
 PSYoungGen      total 18944K, used 2544K [0x00000000e0000000, 0x00000000e1500000, 0x0000000100000000)
  eden space 16384K, 0% used [0x00000000e0000000,0x00000000e0000000,0x00000000e1000000)
  from space 2560K, 99% used [0x00000000e1000000,0x00000000e127c010,0x00000000e1280000)
  to   space 2560K, 0% used [0x00000000e1280000,0x00000000e1280000,0x00000000e1500000)
 ParOldGen       total 44032K, used 1878K [0x00000000a0000000, 0x00000000a2b00000, 0x00000000e0000000)
  object space 44032K, 4% used [0x00000000a0000000,0x00000000a01d5ba8,0x00000000a2b00000)
 Metaspace       used 8883K, capacity 9044K, committed 9216K, reserved 1056768K
  class space    used 1133K, capacity 1223K, committed 1280K, reserved 1048576K
}
Event: 2.622 GC heap before
{Heap before GC invocations=4 (full 0):
 PSYoungGen      total 18944K, used 18928K [0x00000000e0000000, 0x00000000e1500000, 0x0000000100000000)
  eden space 16384K, 100% used [0x00000000e0000000,0x00000000e1000000,0x00000000e1000000)
  from space 2560K, 99% used [0x00000000e1000000,0x00000000e127c010,0x00000000e1280000)
  to   space 2560K, 0% used [0x00000000e1280000,0x00000000e1280000,0x00000000e1500000)
 ParOldGen       total 44032K, used 1878K [0x00000000a0000000, 0x00000000a2b00000, 0x00000000e0000000)
  object space 44032K, 4% used [0x00000000a0000000,0x00000000a01d5ba8,0x00000000a2b00000)
 Metaspace       used 13108K, capacity 13460K, committed 13696K, reserved 1060864K
  class space    used 1741K, capacity 1876K, committed 1920K, reserved 1048576K
Event: 2.631 GC heap after
Heap after GC invocations=4 (full 0):
 PSYoungGen      total 18944K, used 2528K [0x00000000e0000000, 0x00000000e1500000, 0x0000000100000000)
  eden space 16384K, 0% used [0x00000000e0000000,0x00000000e0000000,0x00000000e1000000)
  from space 2560K, 98% used [0x00000000e1280000,0x00000000e14f8040,0x00000000e1500000)
  to   space 2560K, 0% used [0x00000000e1000000,0x00000000e1000000,0x00000000e1280000)
 ParOldGen       total 44032K, used 4177K [0x00000000a0000000, 0x00000000a2b00000, 0x00000000e0000000)
  object space 44032K, 9% used [0x00000000a0000000,0x00000000a04144d8,0x00000000a2b00000)
 Metaspace       used 13108K, capacity 13460K, committed 13696K, reserved 1060864K
  class space    used 1741K, capacity 1876K, committed 1920K, reserved 1048576K
}
Event: 2.903 GC heap before
{Heap before GC invocations=5 (full 0):
 PSYoungGen      total 18944K, used 18912K [0x00000000e0000000, 0x00000000e1500000, 0x0000000100000000)
  eden space 16384K, 100% used [0x00000000e0000000,0x00000000e1000000,0x00000000e1000000)
  from space 2560K, 98% used [0x00000000e1280000,0x00000000e14f8040,0x00000000e1500000)
  to   space 2560K, 0% used [0x00000000e1000000,0x00000000e1000000,0x00000000e1280000)
 ParOldGen       total 44032K, used 4177K [0x00000000a0000000, 0x00000000a2b00000, 0x00000000e0000000)
  object space 44032K, 9% used [0x00000000a0000000,0x00000000a04144d8,0x00000000a2b00000)
 Metaspace       used 14600K, capacity 14900K, committed 14976K, reserved 1062912K
  class space    used 1988K, capacity 2100K, committed 2176K, reserved 1048576K
Event: 2.909 GC heap after
Heap after GC invocations=5 (full 0):
 PSYoungGen      total 18944K, used 2544K [0x00000000e0000000, 0x00000000e2c00000, 0x0000000100000000)
  eden space 16384K, 0% used [0x00000000e0000000,0x00000000e0000000,0x00000000e1000000)
  from space 2560K, 99% used [0x00000000e1000000,0x00000000e127c010,0x00000000e1280000)
  to   space 6144K, 0% used [0x00000000e2600000,0x00000000e2600000,0x00000000e2c00000)
 ParOldGen       total 44032K, used 6382K [0x00000000a0000000, 0x00000000a2b00000, 0x00000000e0000000)
  object space 44032K, 14% used [0x00000000a0000000,0x00000000a063bad0,0x00000000a2b00000)
 Metaspace       used 14600K, capacity 14900K, committed 14976K, reserved 1062912K
  class space    used 1988K, capacity 2100K, committed 2176K, reserved 1048576K
}
Event: 3.752 GC heap before
{Heap before GC invocations=6 (full 0):
 PSYoungGen      total 18944K, used 18928K [0x00000000e0000000, 0x00000000e2c00000, 0x0000000100000000)
  eden space 16384K, 100% used [0x00000000e0000000,0x00000000e1000000,0x00000000e1000000)
  from space 2560K, 99% used [0x00000000e1000000,0x00000000e127c010,0x00000000e1280000)
  to   space 6144K, 0% used [0x00000000e2600000,0x00000000e2600000,0x00000000e2c00000)
 ParOldGen       total 44032K, used 6382K [0x00000000a0000000, 0x00000000a2b00000, 0x00000000e0000000)
  object space 44032K, 14% used [0x00000000a0000000,0x00000000a063bad0,0x00000000a2b00000)
 Metaspace       used 16584K, capacity 17008K, committed 17152K, reserved 1064960K
  class space    used 2310K, capacity 2434K, committed 2560K, reserved 1048576K
Event: 3.766 GC heap after
Heap after GC invocations=6 (full 0):
 PSYoungGen      total 38912K, used 4641K [0x00000000e0000000, 0x00000000e2c00000, 0x0000000100000000)
  eden space 32768K, 0% used [0x00000000e0000000,0x00000000e0000000,0x00000000e2000000)
  from space 6144K, 75% used [0x00000000e2600000,0x00000000e2a88420,0x00000000e2c00000)
  to   space 6144K, 0% used [0x00000000e2000000,0x00000000e2000000,0x00000000e2600000)
 ParOldGen       total 44032K, used 6390K [0x00000000a0000000, 0x00000000a2b00000, 0x00000000e0000000)
  object space 44032K, 14% used [0x00000000a0000000,0x00000000a063dad0,0x00000000a2b00000)
 Metaspace       used 16584K, capacity 17008K, committed 17152K, reserved 1064960K
  class space    used 2310K, capacity 2434K, committed 2560K, reserved 1048576K
}
Event: 4.220 GC heap before
{Heap before GC invocations=7 (full 0):
 PSYoungGen      total 38912K, used 11938K [0x00000000e0000000, 0x00000000e2c00000, 0x0000000100000000)
  eden space 32768K, 22% used [0x00000000e0000000,0x00000000e0720430,0x00000000e2000000)
  from space 6144K, 75% used [0x00000000e2600000,0x00000000e2a88420,0x00000000e2c00000)
  to   space 6144K, 0% used [0x00000000e2000000,0x00000000e2000000,0x00000000e2600000)
 ParOldGen       total 44032K, used 6390K [0x00000000a0000000, 0x00000000a2b00000, 0x00000000e0000000)
  object space 44032K, 14% used [0x00000000a0000000,0x00000000a063dad0,0x00000000a2b00000)
 Metaspace       used 17578K, capacity 17942K, committed 18048K, reserved 1069056K
  class space    used 2457K, capacity 2596K, committed 2688K, reserved 1048576K

Deoptimization events (10 events):
Event: 3.705 Thread 0x0000000019678000 Uncommon trap: reason=predicate action=maybe_recompile pc=0x00000000038ae2c8 method=sun.security.provider.DigestBase.implCompressMultiBlock([BII)I @ 5
Event: 3.738 Thread 0x0000000019678000 Uncommon trap: reason=unstable_if action=reinterpret pc=0x00000000036c41d0 method=java.lang.AbstractStringBuilder.append(Ljava/lang/String;)Ljava/lang/AbstractStringBuilder; @ 1
Event: 3.738 Thread 0x0000000019678000 Uncommon trap: reason=unstable_if action=reinterpret pc=0x0000000003613850 method=java.lang.AbstractStringBuilder.append(Ljava/lang/String;)Ljava/lang/AbstractStringBuilder; @ 1
Event: 3.917 Thread 0x0000000019678000 Uncommon trap: reason=class_check action=maybe_recompile pc=0x00000000035f7a28 method=java.lang.String.equals(Ljava/lang/Object;)Z @ 8
Event: 3.917 Thread 0x0000000019678000 Uncommon trap: reason=class_check action=maybe_recompile pc=0x00000000035f7a28 method=java.lang.String.equals(Ljava/lang/Object;)Z @ 8
Event: 3.918 Thread 0x0000000019678000 Uncommon trap: reason=class_check action=maybe_recompile pc=0x00000000035f7a28 method=java.lang.String.equals(Ljava/lang/Object;)Z @ 8
Event: 3.918 Thread 0x0000000019678000 Uncommon trap: reason=class_check action=maybe_recompile pc=0x00000000035f7a28 method=java.lang.String.equals(Ljava/lang/Object;)Z @ 8
Event: 4.024 Thread 0x0000000019678000 Uncommon trap: reason=class_check action=maybe_recompile pc=0x00000000038ae664 method=sun.security.provider.DigestBase.implCompressMultiBlock([BII)I @ 8
Event: 4.068 Thread 0x0000000019678000 Uncommon trap: reason=class_check action=maybe_recompile pc=0x00000000035e5ed8 method=sun.misc.URLClassPath.getLoader(I)Lsun/misc/URLClassPath$Loader; @ 94
Event: 4.068 Thread 0x0000000019678000 Uncommon trap: reason=class_check action=maybe_recompile pc=0x00000000036e3d2c method=sun.misc.URLClassPath.getResource(Ljava/lang/String;Z)Lsun/misc/Resource; @ 62

Internal exceptions (10 events):
Event: 3.157 Thread 0x0000000019678000 Exception <a 'java/lang/NoSuchMethodError': <clinit>> (0x00000000e0b29b70) thrown at [C:\src\android\AOSP-openjdk\external\jetbrains\jdk\hotspot\src\share\vm\prims\jni.cpp, line 1613]
Event: 3.158 Thread 0x0000000019678000 Exception <a 'java/lang/NoSuchMethodError': <clinit>> (0x00000000e0b35e50) thrown at [C:\src\android\AOSP-openjdk\external\jetbrains\jdk\hotspot\src\share\vm\prims\jni.cpp, line 1613]
Event: 3.159 Thread 0x0000000019678000 Exception <a 'java/lang/NoSuchMethodError': <clinit>> (0x00000000e0b402e8) thrown at [C:\src\android\AOSP-openjdk\external\jetbrains\jdk\hotspot\src\share\vm\prims\jni.cpp, line 1613]
Event: 3.630 Thread 0x0000000019678000 Exception <a 'java/lang/NoSuchMethodError': <clinit>> (0x00000000e0c69510) thrown at [C:\src\android\AOSP-openjdk\external\jetbrains\jdk\hotspot\src\share\vm\prims\jni.cpp, line 1613]
Event: 3.641 Thread 0x0000000019678000 Exception <a 'java/lang/NoSuchMethodError': <clinit>> (0x00000000e0cae3b0) thrown at [C:\src\android\AOSP-openjdk\external\jetbrains\jdk\hotspot\src\share\vm\prims\jni.cpp, line 1613]
Event: 3.644 Thread 0x0000000019678000 Exception <a 'java/lang/NoSuchMethodError': <clinit>> (0x00000000e0cc6b80) thrown at [C:\src\android\AOSP-openjdk\external\jetbrains\jdk\hotspot\src\share\vm\prims\jni.cpp, line 1613]
Event: 3.645 Thread 0x0000000019678000 Exception <a 'java/lang/NoSuchMethodError': <clinit>> (0x00000000e0cd1618) thrown at [C:\src\android\AOSP-openjdk\external\jetbrains\jdk\hotspot\src\share\vm\prims\jni.cpp, line 1613]
Event: 3.649 Thread 0x0000000019678000 Exception <a 'java/lang/NoSuchMethodError': <clinit>> (0x00000000e0cf32b0) thrown at [C:\src\android\AOSP-openjdk\external\jetbrains\jdk\hotspot\src\share\vm\prims\jni.cpp, line 1613]
Event: 3.738 Thread 0x0000000019678000 Implicit null exception at 0x00000000036c3e16 to 0x00000000036c41b9
Event: 3.738 Thread 0x0000000019678000 Implicit null exception at 0x0000000003613496 to 0x0000000003613839

Events (10 events):
Event: 4.200 loading class org/codehaus/groovy/runtime/callsite/CallSite done
Event: 4.201 loading class org/codehaus/groovy/reflection/CachedMethod$MyComparator
Event: 4.201 loading class org/codehaus/groovy/reflection/CachedMethod$MyComparator done
Event: 4.203 loading class org/codehaus/groovy/reflection/CachedClass$CachedMethodComparatorByName
Event: 4.203 loading class org/codehaus/groovy/reflection/CachedClass$CachedMethodComparatorByName done
Event: 4.218 loading class org/codehaus/groovy/ast/ClassNode
Event: 4.218 loading class org/codehaus/groovy/ast/ClassNode done
Event: 4.219 loading class groovyjarjarasm/asm/Opcodes
Event: 4.219 loading class groovyjarjarasm/asm/Opcodes done
Event: 4.220 Executing VM operation: CollectForMetadataAllocation


Dynamic libraries:
0x00007ff6a3d90000 - 0x00007ff6a3dc1000 	C:\Program Files\Android\Android Studio\jre\bin\java.exe
0x00007ffcdfd40000 - 0x00007ffcdff11000 	C:\WINDOWS\SYSTEM32\ntdll.dll
0x00007ffcdd850000 - 0x00007ffcdd8fb000 	C:\WINDOWS\System32\KERNEL32.DLL
0x00007ffcdc460000 - 0x00007ffcdc67d000 	C:\WINDOWS\System32\KERNELBASE.dll
0x00007ffcdd3f0000 - 0x00007ffcdd492000 	C:\WINDOWS\System32\ADVAPI32.dll
0x00007ffcdd350000 - 0x00007ffcdd3ee000 	C:\WINDOWS\System32\msvcrt.dll
0x00007ffcdd630000 - 0x00007ffcdd689000 	C:\WINDOWS\System32\sechost.dll
0x00007ffcdd4a0000 - 0x00007ffcdd5c1000 	C:\WINDOWS\System32\RPCRT4.dll
0x00007ffcddd30000 - 0x00007ffcdde95000 	C:\WINDOWS\System32\USER32.dll
0x00007ffcdcab0000 - 0x00007ffcdcace000 	C:\WINDOWS\System32\win32u.dll
0x00007ffcdfa30000 - 0x00007ffcdfa64000 	C:\WINDOWS\System32\GDI32.dll
0x00007ffcdc230000 - 0x00007ffcdc3b2000 	C:\WINDOWS\System32\gdi32full.dll
0x00007ffcd1b80000 - 0x00007ffcd1dfa000 	C:\WINDOWS\WinSxS\amd64_microsoft.windows.common-controls_6595b64144ccf1df_6.0.14393.953_none_42151e83c686086b\COMCTL32.dll
0x00007ffcdfa70000 - 0x00007ffcdfd38000 	C:\WINDOWS\System32\combase.dll
0x00007ffcdc680000 - 0x00007ffcdc775000 	C:\WINDOWS\System32\ucrtbase.dll
0x00007ffcdd260000 - 0x00007ffcdd2ca000 	C:\WINDOWS\System32\bcryptPrimitives.dll
0x00007ffcdf420000 - 0x00007ffcdf44e000 	C:\WINDOWS\System32\IMM32.DLL
0x0000000073d20000 - 0x0000000073df2000 	C:\Program Files\Android\Android Studio\jre\jre\bin\msvcr100.dll
0x0000000073e50000 - 0x000000007468c000 	C:\Program Files\Android\Android Studio\jre\jre\bin\server\jvm.dll
0x00007ffcdf750000 - 0x00007ffcdf758000 	C:\WINDOWS\System32\PSAPI.DLL
0x00007ffcd27f0000 - 0x00007ffcd27fa000 	C:\WINDOWS\SYSTEM32\VERSION.dll
0x00007ffcda0b0000 - 0x00007ffcda0d3000 	C:\WINDOWS\SYSTEM32\WINMM.dll
0x00007ffccbee0000 - 0x00007ffccbee9000 	C:\WINDOWS\SYSTEM32\WSOCK32.dll
0x0000000000bd0000 - 0x0000000000bfb000 	C:\WINDOWS\SYSTEM32\WINMMBASE.dll
0x00007ffcddea0000 - 0x00007ffcddf0a000 	C:\WINDOWS\System32\WS2_32.dll
0x00007ffcdc830000 - 0x00007ffcdc872000 	C:\WINDOWS\System32\cfgmgr32.dll
0x00007ffcd0720000 - 0x00007ffcd072f000 	C:\Program Files\Android\Android Studio\jre\jre\bin\verify.dll
0x00007ffcc9e20000 - 0x00007ffcc9e49000 	C:\Program Files\Android\Android Studio\jre\jre\bin\java.dll
0x00007ffccd360000 - 0x00007ffccd376000 	C:\Program Files\Android\Android Studio\jre\jre\bin\zip.dll
0x00007ffcddf10000 - 0x00007ffcdf418000 	C:\WINDOWS\System32\SHELL32.dll
0x00007ffcdcad0000 - 0x00007ffcdd1aa000 	C:\WINDOWS\System32\windows.storage.dll
0x00007ffcdc1d0000 - 0x00007ffcdc21c000 	C:\WINDOWS\System32\powrprof.dll
0x00007ffcdd5d0000 - 0x00007ffcdd622000 	C:\WINDOWS\System32\shlwapi.dll
0x00007ffcdc220000 - 0x00007ffcdc22f000 	C:\WINDOWS\System32\kernel.appcore.dll
0x00007ffcdc780000 - 0x00007ffcdc829000 	C:\WINDOWS\System32\shcore.dll
0x00007ffcdc1b0000 - 0x00007ffcdc1c4000 	C:\WINDOWS\System32\profapi.dll
0x00007ffcccff0000 - 0x00007ffccd00a000 	C:\Program Files\Android\Android Studio\jre\jre\bin\net.dll
0x00007ffcdba70000 - 0x00007ffcdbacc000 	C:\WINDOWS\system32\mswsock.dll
0x00007ffccbaf0000 - 0x00007ffccbb01000 	C:\Program Files\Android\Android Studio\jre\jre\bin\nio.dll
0x00007ffcb69a0000 - 0x00007ffcb69be000 	C:\Users\Willian.Matos\.gradle\native\23\windows-amd64\native-platform.dll
0x00007ffcdbc10000 - 0x00007ffcdbc27000 	C:\WINDOWS\SYSTEM32\CRYPTSP.dll
0x00007ffcdb670000 - 0x00007ffcdb6a3000 	C:\WINDOWS\system32\rsaenh.dll
0x00007ffcdc0e0000 - 0x00007ffcdc10b000 	C:\WINDOWS\SYSTEM32\bcrypt.dll
0x00007ffcdb8f0000 - 0x00007ffcdb90f000 	C:\WINDOWS\SYSTEM32\USERENV.dll
0x00007ffcdbc30000 - 0x00007ffcdbc3b000 	C:\WINDOWS\SYSTEM32\CRYPTBASE.dll
0x00007ffcdb7f0000 - 0x00007ffcdb828000 	C:\WINDOWS\SYSTEM32\IPHLPAPI.DLL
0x00007ffcdd2d0000 - 0x00007ffcdd2d8000 	C:\WINDOWS\System32\NSI.dll
0x00007ffcd5d80000 - 0x00007ffcd5d96000 	C:\WINDOWS\SYSTEM32\dhcpcsvc6.DLL
0x00007ffcd5f70000 - 0x00007ffcd5f8a000 	C:\WINDOWS\SYSTEM32\dhcpcsvc.DLL
0x00007ffccfd70000 - 0x00007ffccfd7d000 	C:\Program Files\Android\Android Studio\jre\jre\bin\management.dll

VM Arguments:
jvm_args: -Xmx1536m -Dfile.encoding=windows-1252 -Duser.country=BR -Duser.language=pt -Duser.variant 
java_command: org.gradle.launcher.daemon.bootstrap.GradleDaemon 3.3
java_class_path (initial): C:\Users\Willian.Matos\.gradle\wrapper\dists\gradle-3.3-all\55gk2rcmfc6p2dg9u9ohc3hw9\gradle-3.3\lib\gradle-launcher-3.3.jar
Launcher Type: SUN_STANDARD

Environment Variables:
PATH=C:\ProgramData\Oracle\Java\javapath;c:\Program Files (x86)\Intel\iCLS Client\;c:\Program Files\Intel\iCLS Client\;C:\WINDOWS\system32;C:\WINDOWS;C:\WINDOWS\System32\Wbem;C:\WINDOWS\System32\WindowsPowerShell\v1.0\;C:\Program Files\Intel\Intel(R) Management Engine Components\DAL;C:\Program Files\Intel\Intel(R) Management Engine Components\IPT;C:\Program Files (x86)\Intel\Intel(R) Management Engine Components\DAL;C:\Program Files (x86)\Intel\Intel(R) Management Engine Components\IPT;C:\Program Files (x86)\Windows Live\Shared;C:\Program Files (x86)\Skype\Phone\;C:\Users\Willian.Matos\AppData\Local\Microsoft\WindowsApps;
USERNAME=Willian.Matos
OS=Windows_NT
PROCESSOR_IDENTIFIER=Intel64 Family 6 Model 69 Stepping 1, GenuineIntel



---------------  S Y S T E M  ---------------

OS: Windows 10.0 , 64 bit Build 14393 (10.0.14393.0)

CPU:total 4 (2 cores per cpu, 2 threads per core) family 6 model 69 stepping 1, cmov, cx8, fxsr, mmx, sse, sse2, sse3, ssse3, sse4.1, sse4.2, popcnt, avx, avx2, aes, clmul, erms, lzcnt, ht, tsc, tscinvbit, bmi1, bmi2

Memory: 4k page, physical 4096180k(269304k free), swap 4096180k(13200k free)

vm_info: OpenJDK 64-Bit Server VM (25.112-b06) for windows-amd64 JRE (1.8.0_112-release-b06), built on Dec  8 2016 00:54:26 by "builder" with MS VC++ 10.0 (VS2010)

time: Fri May 12 00:11:21 2017
elapsed time: 4 seconds (0d 0h 0m 4s)

