#
# There is insufficient memory for the Java Runtime Environment to continue.
# Native memory allocation (malloc) failed to allocate 283696 bytes for Chunk::new
# Possible reasons:
#   The system is out of physical RAM or swap space
#   In 32 bit mode, the process size limit was hit
# Possible solutions:
#   Reduce memory load on the system
#   Increase physical memory or swap space
#   Check if swap backing store is full
#   Use 64 bit Java on a 64 bit OS
#   Decrease Java heap size (-Xmx/-Xms)
#   Decrease number of Java threads
#   Decrease Java thread stack sizes (-Xss)
#   Set larger code cache with -XX:ReservedCodeCacheSize=
# This output file may be truncated or incomplete.
#
#  Out of Memory Error (allocation.cpp:390), pid=4184, tid=0x0000000000002600
#
# JRE version: OpenJDK Runtime Environment (8.0_112-b06) (build 1.8.0_112-release-b06)
# Java VM: OpenJDK 64-Bit Server VM (25.112-b06 mixed mode windows-amd64 compressed oops)
# Failed to write core dump. Minidumps are not enabled by default on client versions of Windows
#

---------------  T H R E A D  ---------------

Current thread (0x0000000015d9c800):  JavaThread "C2 CompilerThread0" daemon [_thread_in_native, id=9728, stack(0x00000000173f0000,0x00000000174f0000)]

Stack: [0x00000000173f0000,0x00000000174f0000]
[error occurred during error reporting (printing stack bounds), id 0xc0000005]

Native frames: (J=compiled Java code, j=interpreted, Vv=VM code, C=native code)


Current CompileTask:
C2:   6077 1383 %     4       sun.security.provider.SHA::implCompress @ 12 (491 bytes)


---------------  P R O C E S S  ---------------

Java Threads: ( => current thread )
  0x000000001ad30800 JavaThread "File lock request listener" [_thread_in_native, id=8284, stack(0x000000001b9c0000,0x000000001bac0000)]
  0x0000000018b89000 JavaThread "Stdin handler" [_thread_blocked, id=10172, stack(0x000000001a6f0000,0x000000001a7f0000)]
  0x0000000018b7e000 JavaThread "Asynchronous log dispatcher for DefaultDaemonConnection: socket connection from /127.0.0.1:50365 to /127.0.0.1:50366" [_thread_blocked, id=1796, stack(0x000000001a5f0000,0x000000001a6f0000)]
  0x0000000018b8c000 JavaThread "Daemon worker" [_thread_in_Java, id=9040, stack(0x000000001a4f0000,0x000000001a5f0000)]
  0x0000000018ba0000 JavaThread "Cancel handler" [_thread_blocked, id=1220, stack(0x000000001a3f0000,0x000000001a4f0000)]
  0x0000000018b9c800 JavaThread "pool-1-thread-1" [_thread_blocked, id=4872, stack(0x000000001a2f0000,0x000000001a3f0000)]
  0x0000000018b94000 JavaThread "Handler for socket connection from /127.0.0.1:50365 to /127.0.0.1:50366" [_thread_in_native, id=7200, stack(0x000000001a1f0000,0x000000001a2f0000)]
  0x0000000018a61800 JavaThread "Daemon" [_thread_blocked, id=1152, stack(0x000000001a0f0000,0x000000001a1f0000)]
  0x0000000018a91800 JavaThread "Incoming local TCP Connector on port 50365" [_thread_in_native, id=5380, stack(0x0000000019a00000,0x0000000019b00000)]
  0x000000001770d000 JavaThread "Service Thread" daemon [_thread_blocked, id=7172, stack(0x0000000017af0000,0x0000000017bf0000)]
  0x0000000015da2800 JavaThread "C1 CompilerThread2" daemon [_thread_blocked, id=9644, stack(0x00000000175f0000,0x00000000176f0000)]
  0x0000000015da0000 JavaThread "C2 CompilerThread1" daemon [_thread_in_native, id=5912, stack(0x00000000174f0000,0x00000000175f0000)]
=>0x0000000015d9c800 JavaThread "C2 CompilerThread0" daemon [_thread_in_native, id=9728, stack(0x00000000173f0000,0x00000000174f0000)]
  0x0000000015d9b000 JavaThread "Attach Listener" daemon [_thread_blocked, id=9620, stack(0x00000000172f0000,0x00000000173f0000)]
  0x0000000015d9a000 JavaThread "Signal Dispatcher" daemon [_thread_blocked, id=9660, stack(0x00000000171f0000,0x00000000172f0000)]
  0x0000000000f5c800 JavaThread "Finalizer" daemon [_thread_blocked, id=9508, stack(0x0000000016ff0000,0x00000000170f0000)]
  0x0000000000f53000 JavaThread "Reference Handler" daemon [_thread_blocked, id=10004, stack(0x0000000016ef0000,0x0000000016ff0000)]
  0x0000000000e60800 JavaThread "main" [_thread_blocked, id=7136, stack(0x0000000000d00000,0x0000000000e00000)]

Other Threads:
  0x0000000015d65800 VMThread [stack: 0x0000000016df0000,0x0000000016ef0000] [id=8968]
  0x000000001770e800 WatcherThread [stack: 0x0000000017bf0000,0x0000000017cf0000] [id=9612]

VM state:not at safepoint (normal execution)

VM Mutex/Monitor currently owned by a thread: None

Heap:
 PSYoungGen      total 18944K, used 15007K [0x00000000e0000000, 0x00000000e2c00000, 0x0000000100000000)
  eden space 16384K, 75% used [0x00000000e0000000,0x00000000e0c27d60,0x00000000e1000000)
  from space 2560K, 100% used [0x00000000e1000000,0x00000000e1280000,0x00000000e1280000)
  to   space 6144K, 0% used [0x00000000e2600000,0x00000000e2600000,0x00000000e2c00000)
 ParOldGen       total 44032K, used 6364K [0x00000000a0000000, 0x00000000a2b00000, 0x00000000e0000000)
  object space 44032K, 14% used [0x00000000a0000000,0x00000000a0637260,0x00000000a2b00000)
 Metaspace       used 16071K, capacity 16364K, committed 16512K, reserved 1062912K
  class space    used 2230K, capacity 2328K, committed 2432K, reserved 1048576K

Card table byte_map: [0x0000000001320000,0x0000000001630000] byte_map_base: 0x0000000000e20000

Marking Bits: (ParMarkBitMap*) 0x00000000746118f0
 Begin Bits: [0x0000000012400000, 0x0000000013c00000)
 End Bits:   [0x0000000013c00000, 0x0000000015400000)

Polling page: 0x0000000000550000

CodeCache: size=245760Kb used=4785Kb max_used=4785Kb free=240974Kb
 bounds [0x0000000003400000, 0x00000000038b0000, 0x0000000012400000]
 total_blobs=1778 nmethods=1387 adapters=304
 compilation: enabled

Compilation events (10 events):
Event: 5.462 Thread 0x0000000015da2800 nmethod 1378 0x00000000038a7ad0 code [0x00000000038a7c40, 0x00000000038a7ed0]
Event: 5.463 Thread 0x0000000015da2800 1379       1       java.io.ObjectStreamClass$FieldReflectorKey::hashCode (5 bytes)
Event: 5.464 Thread 0x0000000015da2800 nmethod 1379 0x00000000038a7810 code [0x00000000038a7960, 0x00000000038a7a70]
Event: 5.464 Thread 0x0000000015da2800 1380       3       java.lang.Long::valueOf (36 bytes)
Event: 5.464 Thread 0x0000000015da2800 nmethod 1380 0x00000000038a7150 code [0x00000000038a72c0, 0x00000000038a7630]
Event: 5.663 Thread 0x0000000015da2800 1381       3       java.util.concurrent.locks.AbstractQueuedSynchronizer::setState (6 bytes)
Event: 5.664 Thread 0x0000000015da2800 nmethod 1381 0x00000000038a6e50 code [0x00000000038a6fa0, 0x00000000038a70f0]
Event: 5.698 Thread 0x0000000015da2800 1382       3       java.util.concurrent.locks.AbstractQueuedSynchronizer::release (33 bytes)
Event: 5.698 Thread 0x0000000015da2800 nmethod 1382 0x00000000038a68d0 code [0x00000000038a6a40, 0x00000000038a6d58]
Event: 5.726 Thread 0x0000000015d9c800 1383 %     4       sun.security.provider.SHA::implCompress @ 12 (491 bytes)

GC Heap History (10 events):
Event: 1.606 GC heap before
{Heap before GC invocations=1 (full 0):
 PSYoungGen      total 18944K, used 16384K [0x00000000e0000000, 0x00000000e1500000, 0x0000000100000000)
  eden space 16384K, 100% used [0x00000000e0000000,0x00000000e1000000,0x00000000e1000000)
  from space 2560K, 0% used [0x00000000e1280000,0x00000000e1280000,0x00000000e1500000)
  to   space 2560K, 0% used [0x00000000e1000000,0x00000000e1000000,0x00000000e1280000)
 ParOldGen       total 44032K, used 0K [0x00000000a0000000, 0x00000000a2b00000, 0x00000000e0000000)
  object space 44032K, 0% used [0x00000000a0000000,0x00000000a0000000,0x00000000a2b00000)
 Metaspace       used 6191K, capacity 6356K, committed 6528K, reserved 1056768K
  class space    used 758K, capacity 796K, committed 896K, reserved 1048576K
Event: 1.613 GC heap after
Heap after GC invocations=1 (full 0):
 PSYoungGen      total 18944K, used 2558K [0x00000000e0000000, 0x00000000e1500000, 0x0000000100000000)
  eden space 16384K, 0% used [0x00000000e0000000,0x00000000e0000000,0x00000000e1000000)
  from space 2560K, 99% used [0x00000000e1000000,0x00000000e127fb30,0x00000000e1280000)
  to   space 2560K, 0% used [0x00000000e1280000,0x00000000e1280000,0x00000000e1500000)
 ParOldGen       total 44032K, used 639K [0x00000000a0000000, 0x00000000a2b00000, 0x00000000e0000000)
  object space 44032K, 1% used [0x00000000a0000000,0x00000000a009fe00,0x00000000a2b00000)
 Metaspace       used 6191K, capacity 6356K, committed 6528K, reserved 1056768K
  class space    used 758K, capacity 796K, committed 896K, reserved 1048576K
}
Event: 2.550 GC heap before
{Heap before GC invocations=2 (full 0):
 PSYoungGen      total 18944K, used 18942K [0x00000000e0000000, 0x00000000e1500000, 0x0000000100000000)
  eden space 16384K, 100% used [0x00000000e0000000,0x00000000e1000000,0x00000000e1000000)
  from space 2560K, 99% used [0x00000000e1000000,0x00000000e127fb30,0x00000000e1280000)
  to   space 2560K, 0% used [0x00000000e1280000,0x00000000e1280000,0x00000000e1500000)
 ParOldGen       total 44032K, used 639K [0x00000000a0000000, 0x00000000a2b00000, 0x00000000e0000000)
  object space 44032K, 1% used [0x00000000a0000000,0x00000000a009fe00,0x00000000a2b00000)
 Metaspace       used 6812K, capacity 7028K, committed 7040K, reserved 1056768K
  class space    used 833K, capacity 892K, committed 896K, reserved 1048576K
Event: 2.554 GC heap after
Heap after GC invocations=2 (full 0):
 PSYoungGen      total 18944K, used 2419K [0x00000000e0000000, 0x00000000e1500000, 0x0000000100000000)
  eden space 16384K, 0% used [0x00000000e0000000,0x00000000e0000000,0x00000000e1000000)
  from space 2560K, 94% used [0x00000000e1280000,0x00000000e14dcd20,0x00000000e1500000)
  to   space 2560K, 0% used [0x00000000e1000000,0x00000000e1000000,0x00000000e1280000)
 ParOldGen       total 44032K, used 647K [0x00000000a0000000, 0x00000000a2b00000, 0x00000000e0000000)
  object space 44032K, 1% used [0x00000000a0000000,0x00000000a00a1e00,0x00000000a2b00000)
 Metaspace       used 6812K, capacity 7028K, committed 7040K, reserved 1056768K
  class space    used 833K, capacity 892K, committed 896K, reserved 1048576K
}
Event: 3.588 GC heap before
{Heap before GC invocations=3 (full 0):
 PSYoungGen      total 18944K, used 18803K [0x00000000e0000000, 0x00000000e1500000, 0x0000000100000000)
  eden space 16384K, 100% used [0x00000000e0000000,0x00000000e1000000,0x00000000e1000000)
  from space 2560K, 94% used [0x00000000e1280000,0x00000000e14dcd20,0x00000000e1500000)
  to   space 2560K, 0% used [0x00000000e1000000,0x00000000e1000000,0x00000000e1280000)
 ParOldGen       total 44032K, used 647K [0x00000000a0000000, 0x00000000a2b00000, 0x00000000e0000000)
  object space 44032K, 1% used [0x00000000a0000000,0x00000000a00a1e00,0x00000000a2b00000)
 Metaspace       used 8903K, capacity 9044K, committed 9216K, reserved 1056768K
  class space    used 1136K, capacity 1223K, committed 1280K, reserved 1048576K
Event: 3.594 GC heap after
Heap after GC invocations=3 (full 0):
 PSYoungGen      total 18944K, used 2528K [0x00000000e0000000, 0x00000000e1500000, 0x0000000100000000)
  eden space 16384K, 0% used [0x00000000e0000000,0x00000000e0000000,0x00000000e1000000)
  from space 2560K, 98% used [0x00000000e1000000,0x00000000e1278020,0x00000000e1280000)
  to   space 2560K, 0% used [0x00000000e1280000,0x00000000e1280000,0x00000000e1500000)
 ParOldGen       total 44032K, used 1922K [0x00000000a0000000, 0x00000000a2b00000, 0x00000000e0000000)
  object space 44032K, 4% used [0x00000000a0000000,0x00000000a01e09f0,0x00000000a2b00000)
 Metaspace       used 8903K, capacity 9044K, committed 9216K, reserved 1056768K
  class space    used 1136K, capacity 1223K, committed 1280K, reserved 1048576K
}
Event: 4.580 GC heap before
{Heap before GC invocations=4 (full 0):
 PSYoungGen      total 18944K, used 18912K [0x00000000e0000000, 0x00000000e1500000, 0x0000000100000000)
  eden space 16384K, 100% used [0x00000000e0000000,0x00000000e1000000,0x00000000e1000000)
  from space 2560K, 98% used [0x00000000e1000000,0x00000000e1278020,0x00000000e1280000)
  to   space 2560K, 0% used [0x00000000e1280000,0x00000000e1280000,0x00000000e1500000)
 ParOldGen       total 44032K, used 1922K [0x00000000a0000000, 0x00000000a2b00000, 0x00000000e0000000)
  object space 44032K, 4% used [0x00000000a0000000,0x00000000a01e09f0,0x00000000a2b00000)
 Metaspace       used 13121K, capacity 13460K, committed 13696K, reserved 1060864K
  class space    used 1742K, capacity 1876K, committed 1920K, reserved 1048576K
Event: 4.591 GC heap after
Heap after GC invocations=4 (full 0):
 PSYoungGen      total 18944K, used 2544K [0x00000000e0000000, 0x00000000e1500000, 0x0000000100000000)
  eden space 16384K, 0% used [0x00000000e0000000,0x00000000e0000000,0x00000000e1000000)
  from space 2560K, 99% used [0x00000000e1280000,0x00000000e14fc030,0x00000000e1500000)
  to   space 2560K, 0% used [0x00000000e1000000,0x00000000e1000000,0x00000000e1280000)
 ParOldGen       total 44032K, used 4188K [0x00000000a0000000, 0x00000000a2b00000, 0x00000000e0000000)
  object space 44032K, 9% used [0x00000000a0000000,0x00000000a0417020,0x00000000a2b00000)
 Metaspace       used 13121K, capacity 13460K, committed 13696K, reserved 1060864K
  class space    used 1742K, capacity 1876K, committed 1920K, reserved 1048576K
}
Event: 4.889 GC heap before
{Heap before GC invocations=5 (full 0):
 PSYoungGen      total 18944K, used 18928K [0x00000000e0000000, 0x00000000e1500000, 0x0000000100000000)
  eden space 16384K, 100% used [0x00000000e0000000,0x00000000e1000000,0x00000000e1000000)
  from space 2560K, 99% used [0x00000000e1280000,0x00000000e14fc030,0x00000000e1500000)
  to   space 2560K, 0% used [0x00000000e1000000,0x00000000e1000000,0x00000000e1280000)
 ParOldGen       total 44032K, used 4188K [0x00000000a0000000, 0x00000000a2b00000, 0x00000000e0000000)
  object space 44032K, 9% used [0x00000000a0000000,0x00000000a0417020,0x00000000a2b00000)
 Metaspace       used 14613K, capacity 14900K, committed 14976K, reserved 1062912K
  class space    used 1989K, capacity 2100K, committed 2176K, reserved 1048576K
Event: 4.896 GC heap after
Heap after GC invocations=5 (full 0):
 PSYoungGen      total 18944K, used 2560K [0x00000000e0000000, 0x00000000e2c00000, 0x0000000100000000)
  eden space 16384K, 0% used [0x00000000e0000000,0x00000000e0000000,0x00000000e1000000)
  from space 2560K, 100% used [0x00000000e1000000,0x00000000e1280000,0x00000000e1280000)
  to   space 6144K, 0% used [0x00000000e2600000,0x00000000e2600000,0x00000000e2c00000)
 ParOldGen       total 44032K, used 6364K [0x00000000a0000000, 0x00000000a2b00000, 0x00000000e0000000)
  object space 44032K, 14% used [0x00000000a0000000,0x00000000a0637260,0x00000000a2b00000)
 Metaspace       used 14613K, capacity 14900K, committed 14976K, reserved 1062912K
  class space    used 1989K, capacity 2100K, committed 2176K, reserved 1048576K
}

Deoptimization events (10 events):
Event: 4.323 Thread 0x0000000000e60800 Uncommon trap: reason=unstable_if action=reinterpret pc=0x00000000036f6630 method=java.util.LinkedHashMap.afterNodeInsertion(Z)V @ 1
Event: 4.335 Thread 0x0000000000e60800 Uncommon trap: reason=class_check action=maybe_recompile pc=0x000000000366a3f4 method=java.util.HashMap.putVal(ILjava/lang/Object;Ljava/lang/Object;ZZ)Ljava/lang/Object; @ 203
Event: 4.485 Thread 0x0000000018b8c000 Uncommon trap: reason=bimorphic action=maybe_recompile pc=0x00000000037d1780 method=java.util.HashMap.putVal(ILjava/lang/Object;Ljava/lang/Object;ZZ)Ljava/lang/Object; @ 253
Event: 4.485 Thread 0x0000000018b8c000 Uncommon trap: reason=bimorphic action=maybe_recompile pc=0x00000000037d1780 method=java.util.HashMap.putVal(ILjava/lang/Object;Ljava/lang/Object;ZZ)Ljava/lang/Object; @ 253
Event: 4.485 Thread 0x0000000018b8c000 Uncommon trap: reason=bimorphic action=maybe_recompile pc=0x00000000037d1780 method=java.util.HashMap.putVal(ILjava/lang/Object;Ljava/lang/Object;ZZ)Ljava/lang/Object; @ 253
Event: 4.485 Thread 0x0000000018b8c000 Uncommon trap: reason=bimorphic action=maybe_recompile pc=0x00000000037d1780 method=java.util.HashMap.putVal(ILjava/lang/Object;Ljava/lang/Object;ZZ)Ljava/lang/Object; @ 253
Event: 4.771 Thread 0x0000000018b8c000 Uncommon trap: reason=class_check action=maybe_recompile pc=0x000000000366665c method=java.util.regex.Matcher.match(II)Z @ 86
Event: 4.773 Thread 0x0000000018b8c000 Uncommon trap: reason=class_check action=maybe_recompile pc=0x000000000366665c method=java.util.regex.Matcher.match(II)Z @ 86
Event: 5.318 Thread 0x0000000018b8c000 Uncommon trap: reason=unstable_if action=reinterpret pc=0x00000000035516c8 method=java.net.URI.match(CJJ)Z @ 19
Event: 5.318 Thread 0x0000000018b8c000 Uncommon trap: reason=unstable_if action=reinterpret pc=0x0000000003690b80 method=java.net.URI.match(CJJ)Z @ 19

Internal exceptions (10 events):
Event: 4.440 Thread 0x0000000018b94000 Exception <a 'java/lang/NoSuchMethodError': <clinit>> (0x00000000e0ab31e8) thrown at [C:\src\android\AOSP-openjdk\external\jetbrains\jdk\hotspot\src\share\vm\prims\jni.cpp, line 1613]
Event: 4.448 Thread 0x0000000018b94000 Exception <a 'java/lang/NoSuchMethodError': <clinit>> (0x00000000e0ad58b0) thrown at [C:\src\android\AOSP-openjdk\external\jetbrains\jdk\hotspot\src\share\vm\prims\jni.cpp, line 1613]
Event: 4.473 Thread 0x0000000018b8c000 Exception <a 'java/lang/NoSuchMethodError': <clinit>> (0x00000000e0b72ab8) thrown at [C:\src\android\AOSP-openjdk\external\jetbrains\jdk\hotspot\src\share\vm\prims\jni.cpp, line 1613]
Event: 4.475 Thread 0x0000000018b8c000 Exception <a 'java/lang/NoSuchMethodError': <clinit>> (0x00000000e0b7ad40) thrown at [C:\src\android\AOSP-openjdk\external\jetbrains\jdk\hotspot\src\share\vm\prims\jni.cpp, line 1613]
Event: 4.533 Thread 0x0000000018b8c000 Exception <a 'java/lang/ArrayIndexOutOfBoundsException'> (0x00000000e0d9fb38) thrown at [C:\src\android\AOSP-openjdk\external\jetbrains\jdk\hotspot\src\share\vm\runtime\sharedRuntime.cpp, line 605]
Event: 4.562 Thread 0x0000000018b8c000 Exception <a 'java/lang/ArrayIndexOutOfBoundsException'> (0x00000000e0e74120) thrown at [C:\src\android\AOSP-openjdk\external\jetbrains\jdk\hotspot\src\share\vm\runtime\sharedRuntime.cpp, line 605]
Event: 5.459 Thread 0x0000000018b8c000 Exception <a 'java/lang/NoSuchMethodError': <clinit>> (0x00000000e0b2cfe8) thrown at [C:\src\android\AOSP-openjdk\external\jetbrains\jdk\hotspot\src\share\vm\prims\jni.cpp, line 1613]
Event: 5.459 Thread 0x0000000018b8c000 Exception <a 'java/lang/NoSuchMethodError': <clinit>> (0x00000000e0b2f7b8) thrown at [C:\src\android\AOSP-openjdk\external\jetbrains\jdk\hotspot\src\share\vm\prims\jni.cpp, line 1613]
Event: 5.462 Thread 0x0000000018b8c000 Exception <a 'java/lang/NoSuchMethodError': <clinit>> (0x00000000e0b3ba98) thrown at [C:\src\android\AOSP-openjdk\external\jetbrains\jdk\hotspot\src\share\vm\prims\jni.cpp, line 1613]
Event: 5.464 Thread 0x0000000018b8c000 Exception <a 'java/lang/NoSuchMethodError': <clinit>> (0x00000000e0b45f08) thrown at [C:\src\android\AOSP-openjdk\external\jetbrains\jdk\hotspot\src\share\vm\prims\jni.cpp, line 1613]

Events (10 events):
Event: 5.696 loading class org/gradle/cache/internal/locklistener/DefaultFileLockContentionHandler$1 done
Event: 5.697 Thread 0x000000001ad30800 Thread added: 0x000000001ad30800
Event: 5.697 loading class org/gradle/cache/internal/LockOnDemandCrossProcessCacheAccess$2
Event: 5.697 loading class org/gradle/cache/internal/LockOnDemandCrossProcessCacheAccess$2 done
Event: 5.698 loading class org/gradle/internal/Factories
Event: 5.698 loading class org/gradle/internal/Factories done
Event: 5.699 loading class org/gradle/internal/Factories$2
Event: 5.699 loading class org/gradle/internal/Factories$2 done
Event: 5.700 loading class org/gradle/internal/hash/HashUtil
Event: 5.700 loading class org/gradle/internal/hash/HashUtil done


Dynamic libraries:
0x00007ff6a3d90000 - 0x00007ff6a3dc1000 	C:\Program Files\Android\Android Studio\jre\bin\java.exe
0x00007ffcdfd40000 - 0x00007ffcdff11000 	C:\WINDOWS\SYSTEM32\ntdll.dll
0x00007ffcdd850000 - 0x00007ffcdd8fb000 	C:\WINDOWS\System32\KERNEL32.DLL
0x00007ffcdc460000 - 0x00007ffcdc67d000 	C:\WINDOWS\System32\KERNELBASE.dll
0x00007ffcdd3f0000 - 0x00007ffcdd492000 	C:\WINDOWS\System32\ADVAPI32.dll
0x00007ffcdd350000 - 0x00007ffcdd3ee000 	C:\WINDOWS\System32\msvcrt.dll
0x00007ffcdd630000 - 0x00007ffcdd689000 	C:\WINDOWS\System32\sechost.dll
0x00007ffcdd4a0000 - 0x00007ffcdd5c1000 	C:\WINDOWS\System32\RPCRT4.dll
0x00007ffcddd30000 - 0x00007ffcdde95000 	C:\WINDOWS\System32\USER32.dll
0x00007ffcdcab0000 - 0x00007ffcdcace000 	C:\WINDOWS\System32\win32u.dll
0x00007ffcdfa30000 - 0x00007ffcdfa64000 	C:\WINDOWS\System32\GDI32.dll
0x00007ffcdc230000 - 0x00007ffcdc3b2000 	C:\WINDOWS\System32\gdi32full.dll
0x00007ffcd1b80000 - 0x00007ffcd1dfa000 	C:\WINDOWS\WinSxS\amd64_microsoft.windows.common-controls_6595b64144ccf1df_6.0.14393.953_none_42151e83c686086b\COMCTL32.dll
0x00007ffcdfa70000 - 0x00007ffcdfd38000 	C:\WINDOWS\System32\combase.dll
0x00007ffcdc680000 - 0x00007ffcdc775000 	C:\WINDOWS\System32\ucrtbase.dll
0x00007ffcdd260000 - 0x00007ffcdd2ca000 	C:\WINDOWS\System32\bcryptPrimitives.dll
0x00007ffcdf420000 - 0x00007ffcdf44e000 	C:\WINDOWS\System32\IMM32.DLL
0x0000000073d20000 - 0x0000000073df2000 	C:\Program Files\Android\Android Studio\jre\jre\bin\msvcr100.dll
0x0000000073e50000 - 0x000000007468c000 	C:\Program Files\Android\Android Studio\jre\jre\bin\server\jvm.dll
0x00007ffcdf750000 - 0x00007ffcdf758000 	C:\WINDOWS\System32\PSAPI.DLL
0x00007ffcda0b0000 - 0x00007ffcda0d3000 	C:\WINDOWS\SYSTEM32\WINMM.dll
0x00007ffcd27f0000 - 0x00007ffcd27fa000 	C:\WINDOWS\SYSTEM32\VERSION.dll
0x0000000000c90000 - 0x0000000000cbb000 	C:\WINDOWS\SYSTEM32\WINMMBASE.dll
0x00007ffccbee0000 - 0x00007ffccbee9000 	C:\WINDOWS\SYSTEM32\WSOCK32.dll
0x00007ffcdc830000 - 0x00007ffcdc872000 	C:\WINDOWS\System32\cfgmgr32.dll
0x00007ffcddea0000 - 0x00007ffcddf0a000 	C:\WINDOWS\System32\WS2_32.dll
0x00007ffcd0720000 - 0x00007ffcd072f000 	C:\Program Files\Android\Android Studio\jre\jre\bin\verify.dll
0x00007ffcc9e20000 - 0x00007ffcc9e49000 	C:\Program Files\Android\Android Studio\jre\jre\bin\java.dll
0x00007ffccd360000 - 0x00007ffccd376000 	C:\Program Files\Android\Android Studio\jre\jre\bin\zip.dll
0x00007ffcddf10000 - 0x00007ffcdf418000 	C:\WINDOWS\System32\SHELL32.dll
0x00007ffcdcad0000 - 0x00007ffcdd1aa000 	C:\WINDOWS\System32\windows.storage.dll
0x00007ffcdc1d0000 - 0x00007ffcdc21c000 	C:\WINDOWS\System32\powrprof.dll
0x00007ffcdd5d0000 - 0x00007ffcdd622000 	C:\WINDOWS\System32\shlwapi.dll
0x00007ffcdc220000 - 0x00007ffcdc22f000 	C:\WINDOWS\System32\kernel.appcore.dll
0x00007ffcdc780000 - 0x00007ffcdc829000 	C:\WINDOWS\System32\shcore.dll
0x00007ffcdc1b0000 - 0x00007ffcdc1c4000 	C:\WINDOWS\System32\profapi.dll
0x00007ffcccff0000 - 0x00007ffccd00a000 	C:\Program Files\Android\Android Studio\jre\jre\bin\net.dll
0x00007ffcdba70000 - 0x00007ffcdbacc000 	C:\WINDOWS\system32\mswsock.dll
0x00007ffccbaf0000 - 0x00007ffccbb01000 	C:\Program Files\Android\Android Studio\jre\jre\bin\nio.dll
0x00007ffcb69a0000 - 0x00007ffcb69be000 	C:\Users\Willian.Matos\.gradle\native\23\windows-amd64\native-platform.dll
0x00007ffcdbc10000 - 0x00007ffcdbc27000 	C:\WINDOWS\SYSTEM32\CRYPTSP.dll
0x00007ffcdb670000 - 0x00007ffcdb6a3000 	C:\WINDOWS\system32\rsaenh.dll
0x00007ffcdc0e0000 - 0x00007ffcdc10b000 	C:\WINDOWS\SYSTEM32\bcrypt.dll
0x00007ffcdb8f0000 - 0x00007ffcdb90f000 	C:\WINDOWS\SYSTEM32\USERENV.dll
0x00007ffcdbc30000 - 0x00007ffcdbc3b000 	C:\WINDOWS\SYSTEM32\CRYPTBASE.dll
0x00007ffcdb7f0000 - 0x00007ffcdb828000 	C:\WINDOWS\SYSTEM32\IPHLPAPI.DLL
0x00007ffcdd2d0000 - 0x00007ffcdd2d8000 	C:\WINDOWS\System32\NSI.dll
0x00007ffcd5d80000 - 0x00007ffcd5d96000 	C:\WINDOWS\SYSTEM32\dhcpcsvc6.DLL
0x00007ffcd5f70000 - 0x00007ffcd5f8a000 	C:\WINDOWS\SYSTEM32\dhcpcsvc.DLL
0x00007ffccfd70000 - 0x00007ffccfd7d000 	C:\Program Files\Android\Android Studio\jre\jre\bin\management.dll

VM Arguments:
jvm_args: -Xmx1536m -Dfile.encoding=windows-1252 -Duser.country=BR -Duser.language=pt -Duser.variant 
java_command: org.gradle.launcher.daemon.bootstrap.GradleDaemon 3.3
java_class_path (initial): C:\Users\Willian.Matos\.gradle\wrapper\dists\gradle-3.3-all\55gk2rcmfc6p2dg9u9ohc3hw9\gradle-3.3\lib\gradle-launcher-3.3.jar
Launcher Type: SUN_STANDARD

Environment Variables:
PATH=C:\ProgramData\Oracle\Java\javapath;c:\Program Files (x86)\Intel\iCLS Client\;c:\Program Files\Intel\iCLS Client\;C:\WINDOWS\system32;C:\WINDOWS;C:\WINDOWS\System32\Wbem;C:\WINDOWS\System32\WindowsPowerShell\v1.0\;C:\Program Files\Intel\Intel(R) Management Engine Components\DAL;C:\Program Files\Intel\Intel(R) Management Engine Components\IPT;C:\Program Files (x86)\Intel\Intel(R) Management Engine Components\DAL;C:\Program Files (x86)\Intel\Intel(R) Management Engine Components\IPT;C:\Program Files (x86)\Windows Live\Shared;C:\Program Files (x86)\Skype\Phone\;C:\Users\Willian.Matos\AppData\Local\Microsoft\WindowsApps;
USERNAME=Willian.Matos
OS=Windows_NT
PROCESSOR_IDENTIFIER=Intel64 Family 6 Model 69 Stepping 1, GenuineIntel



---------------  S Y S T E M  ---------------

OS: Windows 10.0 , 64 bit Build 14393 (10.0.14393.0)

CPU:total 4 (2 cores per cpu, 2 threads per core) family 6 model 69 stepping 1, cmov, cx8, fxsr, mmx, sse, sse2, sse3, ssse3, sse4.1, sse4.2, popcnt, avx, avx2, aes, clmul, erms, lzcnt, ht, tsc, tscinvbit, bmi1, bmi2

Memory: 4k page, physical 4096180k(365008k free), swap 4096180k(2980k free)

vm_info: OpenJDK 64-Bit Server VM (25.112-b06) for windows-amd64 JRE (1.8.0_112-release-b06), built on Dec  8 2016 00:54:26 by "builder" with MS VC++ 10.0 (VS2010)

time: Fri May 12 00:03:27 2017
elapsed time: 6 seconds (0d 0h 0m 6s)

