#
# There is insufficient memory for the Java Runtime Environment to continue.
# Native memory allocation (malloc) failed to allocate 32744 bytes for ChunkPool::allocate
# Possible reasons:
#   The system is out of physical RAM or swap space
#   In 32 bit mode, the process size limit was hit
# Possible solutions:
#   Reduce memory load on the system
#   Increase physical memory or swap space
#   Check if swap backing store is full
#   Use 64 bit Java on a 64 bit OS
#   Decrease Java heap size (-Xmx/-Xms)
#   Decrease number of Java threads
#   Decrease Java thread stack sizes (-Xss)
#   Set larger code cache with -XX:ReservedCodeCacheSize=
# This output file may be truncated or incomplete.
#
#  Out of Memory Error (allocation.cpp:273), pid=6872, tid=0x00000000000015f8
#
# JRE version: OpenJDK Runtime Environment (8.0_112-b06) (build 1.8.0_112-release-b06)
# Java VM: OpenJDK 64-Bit Server VM (25.112-b06 mixed mode windows-amd64 compressed oops)
# Failed to write core dump. Minidumps are not enabled by default on client versions of Windows
#

---------------  T H R E A D  ---------------

Current thread (0x0000000016b6d800):  JavaThread "C2 CompilerThread1" daemon [_thread_in_native, id=5624, stack(0x00000000182e0000,0x00000000183e0000)]

Stack: [0x00000000182e0000,0x00000000183e0000]
[error occurred during error reporting (printing stack bounds), id 0xc0000005]

Native frames: (J=compiled Java code, j=interpreted, Vv=VM code, C=native code)


Current CompileTask:
C2: 165411 7635       4       com.sun.org.apache.xerces.internal.util.XMLAttributesImpl::<init> (58 bytes)


---------------  P R O C E S S  ---------------

Java Threads: ( => current thread )
  0x0000000019963800 JavaThread "Stdin handler" [_thread_blocked, id=2864, stack(0x0000000022fd0000,0x00000000230d0000)]
  0x0000000019962800 JavaThread "Asynchronous log dispatcher for DefaultDaemonConnection: socket connection from /127.0.0.1:55707 to /127.0.0.1:55718" [_thread_blocked, id=2772, stack(0x0000000022ed0000,0x0000000022fd0000)]
  0x0000000019962000 JavaThread "Cancel handler" [_thread_blocked, id=4416, stack(0x0000000021d30000,0x0000000021e30000)]
  0x000000001995f800 JavaThread "Handler for socket connection from /127.0.0.1:55707 to /127.0.0.1:55718" [_thread_in_native, id=4528, stack(0x0000000020f60000,0x0000000021060000)]
  0x0000000019964000 JavaThread "pool-2-thread-1" [_thread_blocked, id=3128, stack(0x000000001ec70000,0x000000001ed70000)]
  0x000000001987b800 JavaThread "File lock request listener" [_thread_in_native, id=12996, stack(0x000000001d510000,0x000000001d610000)]
  0x0000000018e0d800 JavaThread "pool-1-thread-1" [_thread_blocked, id=7012, stack(0x000000001c240000,0x000000001c340000)]
  0x0000000016bab800 JavaThread "Daemon worker" [_thread_in_native, id=4908, stack(0x000000001bf40000,0x000000001c040000)]
  0x000000001a20a800 JavaThread "Daemon" [_thread_blocked, id=7508, stack(0x000000001ba40000,0x000000001bb40000)]
  0x0000000019801800 JavaThread "Incoming local TCP Connector on port 55707" [_thread_in_native, id=12096, stack(0x000000001a2b0000,0x000000001a3b0000)]
  0x0000000018500800 JavaThread "Service Thread" daemon [_thread_blocked, id=2668, stack(0x00000000188e0000,0x00000000189e0000)]
  0x0000000016b71000 JavaThread "C1 CompilerThread2" daemon [_thread_blocked, id=9772, stack(0x00000000183e0000,0x00000000184e0000)]
=>0x0000000016b6d800 JavaThread "C2 CompilerThread1" daemon [_thread_in_native, id=5624, stack(0x00000000182e0000,0x00000000183e0000)]
  0x0000000016b6a800 JavaThread "C2 CompilerThread0" daemon [_thread_in_native, id=3556, stack(0x00000000181e0000,0x00000000182e0000)]
  0x0000000016b69000 JavaThread "Attach Listener" daemon [_thread_blocked, id=6328, stack(0x00000000180e0000,0x00000000181e0000)]
  0x0000000016b67800 JavaThread "Signal Dispatcher" daemon [_thread_blocked, id=9608, stack(0x0000000017fe0000,0x00000000180e0000)]
  0x0000000016b58800 JavaThread "Finalizer" daemon [_thread_blocked, id=8388, stack(0x0000000017de0000,0x0000000017ee0000)]
  0x0000000001dc0800 JavaThread "Reference Handler" daemon [_thread_blocked, id=4740, stack(0x0000000017ce0000,0x0000000017de0000)]
  0x0000000001cd0800 JavaThread "main" [_thread_blocked, id=2980, stack(0x0000000001b70000,0x0000000001c70000)]

Other Threads:
  0x0000000016b35800 VMThread [stack: 0x0000000017be0000,0x0000000017ce0000] [id=11352]
  0x0000000018501000 WatcherThread [stack: 0x00000000189e0000,0x0000000018ae0000] [id=2436]

VM state:not at safepoint (normal execution)

VM Mutex/Monitor currently owned by a thread: None

Heap:
 PSYoungGen      total 259072K, used 23150K [0x00000000e0000000, 0x00000000f0f00000, 0x0000000100000000)
  eden space 240640K, 9% used [0x00000000e0000000,0x00000000e169baf0,0x00000000eeb00000)
  from space 18432K, 0% used [0x00000000eeb00000,0x00000000eeb00000,0x00000000efd00000)
  to   space 17920K, 0% used [0x00000000efd80000,0x00000000efd80000,0x00000000f0f00000)
 ParOldGen       total 100352K, used 46838K [0x00000000a0000000, 0x00000000a6200000, 0x00000000e0000000)
  object space 100352K, 46% used [0x00000000a0000000,0x00000000a2dbdbe8,0x00000000a6200000)
 Metaspace       used 56820K, capacity 59122K, committed 59284K, reserved 1099776K
  class space    used 7617K, capacity 8139K, committed 8192K, reserved 1048576K

Card table byte_map: [0x00000000127c0000,0x0000000012ad0000] byte_map_base: 0x00000000122c0000

Marking Bits: (ParMarkBitMap*) 0x000000006f6618f0
 Begin Bits: [0x0000000012ed0000, 0x00000000146d0000)
 End Bits:   [0x00000000146d0000, 0x0000000015ed0000)

Polling page: 0x0000000001700000

CodeCache: size=245760Kb used=24172Kb max_used=24173Kb free=221587Kb
 bounds [0x0000000003400000, 0x0000000004bd0000, 0x0000000012400000]
 total_blobs=7414 nmethods=6663 adapters=663
 compilation: enabled

Compilation events (10 events):
Event: 164.838 Thread 0x0000000016b71000 nmethod 7630 0x000000000391b710 code [0x000000000391b880, 0x000000000391ba48]
Event: 164.838 Thread 0x0000000016b71000 7631       3       org.gradle.api.internal.artifacts.ivyservice.ivyresolve.parser.GradlePomModuleDescriptorBuilder::addDependency (441 bytes)
Event: 164.859 Thread 0x0000000016b71000 nmethod 7631 0x0000000004bb3810 code [0x0000000004bb45c0, 0x0000000004bbdb18]
Event: 164.860 Thread 0x0000000016b71000 7632       3       org.gradle.api.internal.artifacts.ivyservice.ivyresolve.strategy.MavenVersionSelectorScheme::parseSelector (49 bytes)
Event: 164.861 Thread 0x0000000016b71000 nmethod 7632 0x0000000004357510 code [0x00000000043576e0, 0x0000000004357c08]
Event: 164.861 Thread 0x0000000016b71000 7633       3       org.gradle.api.internal.artifacts.ivyservice.ivyresolve.strategy.DefaultVersionSelectorScheme::renderSelector (8 bytes)
Event: 164.861 Thread 0x0000000016b71000 nmethod 7633 0x0000000004461950 code [0x0000000004461ac0, 0x0000000004461d90]
Event: 164.937 Thread 0x0000000016b71000 7634       3       java.util.concurrent.locks.ReentrantLock$Sync::nonfairTryAcquire (67 bytes)
Event: 164.937 Thread 0x0000000016b71000 nmethod 7634 0x0000000003ed6690 code [0x0000000003ed6820, 0x0000000003ed6f48]
Event: 164.954 Thread 0x0000000016b6d800 7635       4       com.sun.org.apache.xerces.internal.util.XMLAttributesImpl::<init> (58 bytes)

GC Heap History (10 events):
Event: 127.351 GC heap before
{Heap before GC invocations=12 (full 2):
 PSYoungGen      total 146432K, used 146426K [0x00000000e0000000, 0x00000000ed280000, 0x0000000100000000)
  eden space 133120K, 100% used [0x00000000e0000000,0x00000000e8200000,0x00000000e8200000)
  from space 13312K, 99% used [0x00000000e8200000,0x00000000e8efe8e0,0x00000000e8f00000)
  to   space 15872K, 0% used [0x00000000ec300000,0x00000000ec300000,0x00000000ed280000)
 ParOldGen       total 54784K, used 16029K [0x00000000a0000000, 0x00000000a3580000, 0x00000000e0000000)
  object space 54784K, 29% used [0x00000000a0000000,0x00000000a0fa7738,0x00000000a3580000)
 Metaspace       used 46009K, capacity 46920K, committed 47104K, reserved 1089536K
  class space    used 6066K, capacity 6283K, committed 6400K, reserved 1048576K
Event: 127.378 GC heap after
Heap after GC invocations=12 (full 2):
 PSYoungGen      total 194560K, used 13406K [0x00000000e0000000, 0x00000000ed100000, 0x0000000100000000)
  eden space 180224K, 0% used [0x00000000e0000000,0x00000000e0000000,0x00000000eb000000)
  from space 14336K, 93% used [0x00000000ec300000,0x00000000ed017a28,0x00000000ed100000)
  to   space 16896K, 0% used [0x00000000eb000000,0x00000000eb000000,0x00000000ec080000)
 ParOldGen       total 54784K, used 16037K [0x00000000a0000000, 0x00000000a3580000, 0x00000000e0000000)
  object space 54784K, 29% used [0x00000000a0000000,0x00000000a0fa9738,0x00000000a3580000)
 Metaspace       used 46009K, capacity 46920K, committed 47104K, reserved 1089536K
  class space    used 6066K, capacity 6283K, committed 6400K, reserved 1048576K
}
Event: 133.477 GC heap before
{Heap before GC invocations=13 (full 2):
 PSYoungGen      total 194560K, used 193630K [0x00000000e0000000, 0x00000000ed100000, 0x0000000100000000)
  eden space 180224K, 100% used [0x00000000e0000000,0x00000000eb000000,0x00000000eb000000)
  from space 14336K, 93% used [0x00000000ec300000,0x00000000ed017a28,0x00000000ed100000)
  to   space 16896K, 0% used [0x00000000eb000000,0x00000000eb000000,0x00000000ec080000)
 ParOldGen       total 54784K, used 16037K [0x00000000a0000000, 0x00000000a3580000, 0x00000000e0000000)
  object space 54784K, 29% used [0x00000000a0000000,0x00000000a0fa9738,0x00000000a3580000)
 Metaspace       used 46414K, capacity 47344K, committed 47616K, reserved 1091584K
  class space    used 6095K, capacity 6331K, committed 6400K, reserved 1048576K
Event: 133.503 GC heap after
Heap after GC invocations=13 (full 2):
 PSYoungGen      total 197120K, used 15510K [0x00000000e0000000, 0x00000000f1000000, 0x0000000100000000)
  eden space 180224K, 0% used [0x00000000e0000000,0x00000000e0000000,0x00000000eb000000)
  from space 16896K, 91% used [0x00000000eb000000,0x00000000ebf25898,0x00000000ec080000)
  to   space 18944K, 0% used [0x00000000efd80000,0x00000000efd80000,0x00000000f1000000)
 ParOldGen       total 54784K, used 16045K [0x00000000a0000000, 0x00000000a3580000, 0x00000000e0000000)
  object space 54784K, 29% used [0x00000000a0000000,0x00000000a0fab738,0x00000000a3580000)
 Metaspace       used 46414K, capacity 47344K, committed 47616K, reserved 1091584K
  class space    used 6095K, capacity 6331K, committed 6400K, reserved 1048576K
}
Event: 142.013 GC heap before
{Heap before GC invocations=14 (full 2):
 PSYoungGen      total 197120K, used 195734K [0x00000000e0000000, 0x00000000f1000000, 0x0000000100000000)
  eden space 180224K, 100% used [0x00000000e0000000,0x00000000eb000000,0x00000000eb000000)
  from space 16896K, 91% used [0x00000000eb000000,0x00000000ebf25898,0x00000000ec080000)
  to   space 18944K, 0% used [0x00000000efd80000,0x00000000efd80000,0x00000000f1000000)
 ParOldGen       total 54784K, used 16045K [0x00000000a0000000, 0x00000000a3580000, 0x00000000e0000000)
  object space 54784K, 29% used [0x00000000a0000000,0x00000000a0fab738,0x00000000a3580000)
 Metaspace       used 49225K, capacity 50636K, committed 50944K, reserved 1093632K
  class space    used 6503K, capacity 6831K, committed 6912K, reserved 1048576K
Event: 142.080 GC heap after
Heap after GC invocations=14 (full 2):
 PSYoungGen      total 258560K, used 10863K [0x00000000e0000000, 0x00000000f0f00000, 0x0000000100000000)
  eden space 240640K, 0% used [0x00000000e0000000,0x00000000e0000000,0x00000000eeb00000)
  from space 17920K, 60% used [0x00000000efd80000,0x00000000f081bc00,0x00000000f0f00000)
  to   space 18432K, 0% used [0x00000000eeb00000,0x00000000eeb00000,0x00000000efd00000)
 ParOldGen       total 54784K, used 24095K [0x00000000a0000000, 0x00000000a3580000, 0x00000000e0000000)
  object space 54784K, 43% used [0x00000000a0000000,0x00000000a1787e10,0x00000000a3580000)
 Metaspace       used 49225K, capacity 50636K, committed 50944K, reserved 1093632K
  class space    used 6503K, capacity 6831K, committed 6912K, reserved 1048576K
}
Event: 152.053 GC heap before
{Heap before GC invocations=15 (full 2):
 PSYoungGen      total 258560K, used 188032K [0x00000000e0000000, 0x00000000f0f00000, 0x0000000100000000)
  eden space 240640K, 73% used [0x00000000e0000000,0x00000000ead046f8,0x00000000eeb00000)
  from space 17920K, 60% used [0x00000000efd80000,0x00000000f081bc00,0x00000000f0f00000)
  to   space 18432K, 0% used [0x00000000eeb00000,0x00000000eeb00000,0x00000000efd00000)
 ParOldGen       total 54784K, used 24095K [0x00000000a0000000, 0x00000000a3580000, 0x00000000e0000000)
  object space 54784K, 43% used [0x00000000a0000000,0x00000000a1787e10,0x00000000a3580000)
 Metaspace       used 56625K, capacity 58892K, committed 59028K, reserved 1099776K
  class space    used 7594K, capacity 8118K, committed 8192K, reserved 1048576K
Event: 152.106 GC heap after
Heap after GC invocations=15 (full 2):
 PSYoungGen      total 259072K, used 18419K [0x00000000e0000000, 0x00000000f0f00000, 0x0000000100000000)
  eden space 240640K, 0% used [0x00000000e0000000,0x00000000e0000000,0x00000000eeb00000)
  from space 18432K, 99% used [0x00000000eeb00000,0x00000000efcfcc00,0x00000000efd00000)
  to   space 17920K, 0% used [0x00000000efd80000,0x00000000efd80000,0x00000000f0f00000)
 ParOldGen       total 54784K, used 31060K [0x00000000a0000000, 0x00000000a3580000, 0x00000000e0000000)
  object space 54784K, 56% used [0x00000000a0000000,0x00000000a1e552a0,0x00000000a3580000)
 Metaspace       used 56625K, capacity 58892K, committed 59028K, reserved 1099776K
  class space    used 7594K, capacity 8118K, committed 8192K, reserved 1048576K
}
Event: 152.106 GC heap before
{Heap before GC invocations=16 (full 3):
 PSYoungGen      total 259072K, used 18419K [0x00000000e0000000, 0x00000000f0f00000, 0x0000000100000000)
  eden space 240640K, 0% used [0x00000000e0000000,0x00000000e0000000,0x00000000eeb00000)
  from space 18432K, 99% used [0x00000000eeb00000,0x00000000efcfcc00,0x00000000efd00000)
  to   space 17920K, 0% used [0x00000000efd80000,0x00000000efd80000,0x00000000f0f00000)
 ParOldGen       total 54784K, used 31060K [0x00000000a0000000, 0x00000000a3580000, 0x00000000e0000000)
  object space 54784K, 56% used [0x00000000a0000000,0x00000000a1e552a0,0x00000000a3580000)
 Metaspace       used 56625K, capacity 58892K, committed 59028K, reserved 1099776K
  class space    used 7594K, capacity 8118K, committed 8192K, reserved 1048576K
Event: 152.659 GC heap after
Heap after GC invocations=16 (full 3):
 PSYoungGen      total 259072K, used 0K [0x00000000e0000000, 0x00000000f0f00000, 0x0000000100000000)
  eden space 240640K, 0% used [0x00000000e0000000,0x00000000e0000000,0x00000000eeb00000)
  from space 18432K, 0% used [0x00000000eeb00000,0x00000000eeb00000,0x00000000efd00000)
  to   space 17920K, 0% used [0x00000000efd80000,0x00000000efd80000,0x00000000f0f00000)
 ParOldGen       total 100352K, used 46838K [0x00000000a0000000, 0x00000000a6200000, 0x00000000e0000000)
  object space 100352K, 46% used [0x00000000a0000000,0x00000000a2dbdbe8,0x00000000a6200000)
 Metaspace       used 56625K, capacity 58892K, committed 59028K, reserved 1099776K
  class space    used 7594K, capacity 8118K, committed 8192K, reserved 1048576K
}

Deoptimization events (10 events):
Event: 152.682 Thread 0x0000000016bab800 Uncommon trap: reason=unstable_if action=reinterpret pc=0x000000000410fdb8 method=java.util.HashMap$HashIterator.<init>(Ljava/util/HashMap;)V @ 45
Event: 152.687 Thread 0x0000000019964000 Uncommon trap: reason=unstable_if action=reinterpret pc=0x00000000045c6ad4 method=sun.nio.ch.Util$BufferCache.get(I)Ljava/nio/ByteBuffer; @ 25
Event: 152.687 Thread 0x0000000019964000 Uncommon trap: reason=unstable_if action=reinterpret pc=0x0000000004391900 method=java.nio.Buffer.limit(I)Ljava/nio/Buffer; @ 33
Event: 152.690 Thread 0x0000000001cd0800 Uncommon trap: reason=unstable_if action=reinterpret pc=0x00000000040091b8 method=java.util.concurrent.locks.ReentrantLock$Sync.nonfairTryAcquire(I)Z @ 34
Event: 152.690 Thread 0x0000000001cd0800 Uncommon trap: reason=unstable_if action=reinterpret pc=0x00000000036eff08 method=java.util.concurrent.locks.ReentrantLock$Sync.nonfairTryAcquire(I)Z @ 34
Event: 152.836 Thread 0x000000001a20a800 Uncommon trap: reason=unstable_if action=reinterpret pc=0x0000000004ba2f30 method=java.io.ObjectOutputStream.defaultWriteFields(Ljava/lang/Object;Ljava/io/ObjectStreamClass;)V @ 43
Event: 152.868 Thread 0x00000000198c9000 Uncommon trap: reason=unstable_if action=reinterpret pc=0x0000000003728b88 method=java.util.concurrent.locks.ReentrantLock$Sync.nonfairTryAcquire(I)Z @ 34
Event: 152.905 Thread 0x0000000016bc1800 Uncommon trap: reason=unstable_if action=reinterpret pc=0x00000000049ae034 method=com.esotericsoftware.kryo.io.Input.require(I)I @ 117
Event: 162.841 Thread 0x0000000001cd0800 Uncommon trap: reason=unstable_if action=reinterpret pc=0x000000000400ac20 method=java.util.concurrent.locks.AbstractQueuedSynchronizer$ConditionObject.addConditionWaiter()Ljava/util/concurrent/locks/AbstractQueuedSynchronizer$Node; @ 15
Event: 162.889 Thread 0x0000000016bab800 Uncommon trap: reason=unstable_if action=reinterpret pc=0x0000000003659d58 method=sun.net.www.MessageHeader.grow()V @ 4

Internal exceptions (10 events):
Event: 152.840 Thread 0x000000001a20a800 Exception <a 'java/lang/NoSuchMethodError': <clinit>> (0x00000000e056f338) thrown at [C:\src\android\AOSP-openjdk\external\jetbrains\jdk\hotspot\src\share\vm\prims\jni.cpp, line 1613]
Event: 152.844 Thread 0x000000001a20a800 Exception <a 'java/lang/NoSuchMethodError': <clinit>> (0x00000000e05831a8) thrown at [C:\src\android\AOSP-openjdk\external\jetbrains\jdk\hotspot\src\share\vm\prims\jni.cpp, line 1613]
Event: 152.852 Thread 0x000000001a20a800 Exception <a 'java/lang/NoSuchMethodError': <clinit>> (0x00000000e05982c0) thrown at [C:\src\android\AOSP-openjdk\external\jetbrains\jdk\hotspot\src\share\vm\prims\jni.cpp, line 1613]
Event: 152.854 Thread 0x000000001a20a800 Exception <a 'java/lang/NoSuchMethodError': <clinit>> (0x00000000e05a8550) thrown at [C:\src\android\AOSP-openjdk\external\jetbrains\jdk\hotspot\src\share\vm\prims\jni.cpp, line 1613]
Event: 152.865 Thread 0x000000001a20a800 Exception <a 'java/lang/NoSuchMethodError': <clinit>> (0x00000000e05af7a0) thrown at [C:\src\android\AOSP-openjdk\external\jetbrains\jdk\hotspot\src\share\vm\prims\jni.cpp, line 1613]
Event: 152.905 Thread 0x0000000016bc1800 Exception <a 'java/lang/NoSuchMethodError': <clinit>> (0x00000000e0bbdc58) thrown at [C:\src\android\AOSP-openjdk\external\jetbrains\jdk\hotspot\src\share\vm\prims\jni.cpp, line 1613]
Event: 162.795 Thread 0x000000001995f800 Exception <a 'java/lang/NoSuchMethodError': <clinit>> (0x00000000e0e6f148) thrown at [C:\src\android\AOSP-openjdk\external\jetbrains\jdk\hotspot\src\share\vm\prims\jni.cpp, line 1613]
Event: 162.799 Thread 0x000000001995f800 Exception <a 'java/lang/NoSuchMethodError': <clinit>> (0x00000000e0e88410) thrown at [C:\src\android\AOSP-openjdk\external\jetbrains\jdk\hotspot\src\share\vm\prims\jni.cpp, line 1613]
Event: 163.762 Thread 0x0000000016bab800 Exception <a 'java/lang/ClassNotFoundException': asLocalRepo43_3ndettem4fl3oyvmn7et84ne9BeanInfo> (0x00000000e0227c48) thrown at [C:\src\android\AOSP-openjdk\external\jetbrains\jdk\hotspot\src\share\vm\classfile\systemDictionary.cpp, line 210]
Event: 163.763 Thread 0x0000000016bab800 Exception <a 'java/lang/ClassNotFoundException': asLocalRepo43_3ndettem4fl3oyvmn7et84ne9Customizer> (0x00000000e0232c80) thrown at [C:\src\android\AOSP-openjdk\external\jetbrains\jdk\hotspot\src\share\vm\classfile\systemDictionary.cpp, line 210]

Events (10 events):
Event: 163.881 loading class groovy/runtime/metaclass/asLocalRepo43_3ndettem4fl3oyvmn7et84ne9$_run_closure1$_closure3MetaClass
Event: 163.881 loading class groovy/runtime/metaclass/asLocalRepo43_3ndettem4fl3oyvmn7et84ne9$_run_closure1$_closure3MetaClass done
Event: 163.892 loading class asLocalRepo43_3ndettem4fl3oyvmn7et84ne9$_run_closure1$_closure3$_closure6
Event: 163.892 loading class asLocalRepo43_3ndettem4fl3oyvmn7et84ne9$_run_closure1$_closure3$_closure6 done
Event: 163.900 loading class groovy/runtime/metaclass/asLocalRepo43_3ndettem4fl3oyvmn7et84ne9$_run_closure1$_closure3$_closure6MetaClass
Event: 163.900 loading class groovy/runtime/metaclass/asLocalRepo43_3ndettem4fl3oyvmn7et84ne9$_run_closure1$_closure3$_closure6MetaClass done
Event: 164.711 Thread 0x0000000016bab800 DEOPT PACKING pc=0x0000000003eb85ed sp=0x000000001c03adf0
Event: 164.711 Thread 0x0000000016bab800 DEOPT UNPACKING pc=0x00000000034475bf sp=0x000000001c03ad38 mode 0
Event: 164.956 Thread 0x0000000016bab800 DEOPT PACKING pc=0x0000000003fdd9c0 sp=0x000000001c03b8e0
Event: 164.956 Thread 0x0000000016bab800 DEOPT UNPACKING pc=0x00000000034475bf sp=0x000000001c03b7d8 mode 0


Dynamic libraries:
0x00007ff67e8a0000 - 0x00007ff67e8d1000 	C:\Program Files\Android\Android Studio\jre\bin\java.exe
0x00007fff73350000 - 0x00007fff7352b000 	C:\WINDOWS\SYSTEM32\ntdll.dll
0x00007fff71670000 - 0x00007fff7171e000 	C:\WINDOWS\System32\KERNEL32.DLL
0x00007fff70660000 - 0x00007fff708a9000 	C:\WINDOWS\System32\KERNELBASE.dll
0x00007fff70b90000 - 0x00007fff70c31000 	C:\WINDOWS\System32\ADVAPI32.dll
0x00007fff70c70000 - 0x00007fff70d0d000 	C:\WINDOWS\System32\msvcrt.dll
0x00007fff73280000 - 0x00007fff732d9000 	C:\WINDOWS\System32\sechost.dll
0x00007fff70970000 - 0x00007fff70a95000 	C:\WINDOWS\System32\RPCRT4.dll
0x00007fff71300000 - 0x00007fff7144a000 	C:\WINDOWS\System32\USER32.dll
0x00007fff704e0000 - 0x00007fff704fe000 	C:\WINDOWS\System32\win32u.dll
0x00007fff70ac0000 - 0x00007fff70ae7000 	C:\WINDOWS\System32\GDI32.dll
0x00007fff6f970000 - 0x00007fff6faf9000 	C:\WINDOWS\System32\gdi32full.dll
0x00007fff70200000 - 0x00007fff7029a000 	C:\WINDOWS\System32\msvcp_win.dll
0x00007fff70560000 - 0x00007fff70656000 	C:\WINDOWS\System32\ucrtbase.dll
0x00007fff64ca0000 - 0x00007fff64f07000 	C:\WINDOWS\WinSxS\amd64_microsoft.windows.common-controls_6595b64144ccf1df_6.0.15063.0_none_108e4f62dfe5d999\COMCTL32.dll
0x00007fff70e90000 - 0x00007fff71189000 	C:\WINDOWS\System32\combase.dll
0x00007fff70470000 - 0x00007fff704da000 	C:\WINDOWS\System32\bcryptPrimitives.dll
0x00007fff70c40000 - 0x00007fff70c6d000 	C:\WINDOWS\System32\IMM32.DLL
0x00000000700e0000 - 0x00000000701b2000 	C:\Program Files\Android\Android Studio\jre\jre\bin\msvcr100.dll
0x000000006eea0000 - 0x000000006f6dc000 	C:\Program Files\Android\Android Studio\jre\jre\bin\server\jvm.dll
0x00007fff70d10000 - 0x00007fff70d18000 	C:\WINDOWS\System32\PSAPI.DLL
0x00007fff6b000000 - 0x00007fff6b00a000 	C:\WINDOWS\SYSTEM32\VERSION.dll
0x00007fff6dd00000 - 0x00007fff6dd23000 	C:\WINDOWS\SYSTEM32\WINMM.dll
0x00007fff610e0000 - 0x00007fff610e9000 	C:\WINDOWS\SYSTEM32\WSOCK32.dll
0x00007fff732e0000 - 0x00007fff7334c000 	C:\WINDOWS\System32\WS2_32.dll
0x00007fff6dca0000 - 0x00007fff6dccb000 	C:\WINDOWS\SYSTEM32\WINMMBASE.dll
0x00007fff6f870000 - 0x00007fff6f8b9000 	C:\WINDOWS\System32\cfgmgr32.dll
0x00007fff6d9f0000 - 0x00007fff6d9ff000 	C:\Program Files\Android\Android Studio\jre\jre\bin\verify.dll
0x00007fff6bf70000 - 0x00007fff6bf99000 	C:\Program Files\Android\Android Studio\jre\jre\bin\java.dll
0x00007fff6bfd0000 - 0x00007fff6bfe6000 	C:\Program Files\Android\Android Studio\jre\jre\bin\zip.dll
0x00007fff71720000 - 0x00007fff72b57000 	C:\WINDOWS\System32\SHELL32.dll
0x00007fff72fb0000 - 0x00007fff7305a000 	C:\WINDOWS\System32\shcore.dll
0x00007fff6fb00000 - 0x00007fff701f2000 	C:\WINDOWS\System32\windows.storage.dll
0x00007fff714c0000 - 0x00007fff71511000 	C:\WINDOWS\System32\shlwapi.dll
0x00007fff6f830000 - 0x00007fff6f841000 	C:\WINDOWS\System32\kernel.appcore.dll
0x00007fff6f7e0000 - 0x00007fff6f82c000 	C:\WINDOWS\System32\powrprof.dll
0x00007fff6f850000 - 0x00007fff6f865000 	C:\WINDOWS\System32\profapi.dll
0x00007fff6be40000 - 0x00007fff6be5a000 	C:\Program Files\Android\Android Studio\jre\jre\bin\net.dll
0x00007fff6f070000 - 0x00007fff6f0cc000 	C:\WINDOWS\system32\mswsock.dll
0x00007fff6a840000 - 0x00007fff6a851000 	C:\Program Files\Android\Android Studio\jre\jre\bin\nio.dll
0x00007fff6c000000 - 0x00007fff6c01e000 	C:\Users\Willian.Matos\.gradle\native\23\windows-amd64\native-platform.dll
0x00007fff6f210000 - 0x00007fff6f227000 	C:\WINDOWS\SYSTEM32\CRYPTSP.dll
0x00007fff6ec90000 - 0x00007fff6ecc4000 	C:\WINDOWS\system32\rsaenh.dll
0x00007fff6f700000 - 0x00007fff6f725000 	C:\WINDOWS\SYSTEM32\bcrypt.dll
0x00007fff6f6c0000 - 0x00007fff6f6e9000 	C:\WINDOWS\SYSTEM32\USERENV.dll
0x00007fff6f230000 - 0x00007fff6f23b000 	C:\WINDOWS\SYSTEM32\CRYPTBASE.dll
0x00007fff6ee10000 - 0x00007fff6ee47000 	C:\WINDOWS\SYSTEM32\IPHLPAPI.DLL
0x00007fff71450000 - 0x00007fff71458000 	C:\WINDOWS\System32\NSI.dll
0x00007fff6b150000 - 0x00007fff6b166000 	C:\WINDOWS\SYSTEM32\dhcpcsvc6.DLL
0x00007fff6b490000 - 0x00007fff6b4aa000 	C:\WINDOWS\SYSTEM32\dhcpcsvc.DLL
0x00007fff6d9e0000 - 0x00007fff6d9ed000 	C:\Program Files\Android\Android Studio\jre\jre\bin\management.dll

VM Arguments:
jvm_args: -Xmx1536m -Dfile.encoding=windows-1252 -Duser.country=BR -Duser.language=pt -Duser.variant 
java_command: org.gradle.launcher.daemon.bootstrap.GradleDaemon 3.3
java_class_path (initial): C:\Users\Willian.Matos\.gradle\wrapper\dists\gradle-3.3-all\55gk2rcmfc6p2dg9u9ohc3hw9\gradle-3.3\lib\gradle-launcher-3.3.jar
Launcher Type: SUN_STANDARD

Environment Variables:
PATH=C:\ProgramData\Oracle\Java\javapath;c:\Program Files (x86)\Intel\iCLS Client\;c:\Program Files\Intel\iCLS Client\;C:\WINDOWS\system32;C:\WINDOWS;C:\WINDOWS\System32\Wbem;C:\WINDOWS\System32\WindowsPowerShell\v1.0\;C:\Program Files\Intel\Intel(R) Management Engine Components\DAL;C:\Program Files\Intel\Intel(R) Management Engine Components\IPT;C:\Program Files (x86)\Intel\Intel(R) Management Engine Components\DAL;C:\Program Files (x86)\Intel\Intel(R) Management Engine Components\IPT;C:\Program Files (x86)\Windows Live\Shared;C:\Program Files (x86)\Skype\Phone\;C:\Users\Willian.Matos\AppData\Local\Microsoft\WindowsApps;
USERNAME=Willian.Matos
OS=Windows_NT
PROCESSOR_IDENTIFIER=Intel64 Family 6 Model 69 Stepping 1, GenuineIntel



---------------  S Y S T E M  ---------------

OS: Windows 10.0 , 64 bit Build 15063 (10.0.15063.296)

CPU:total 4 (2 cores per cpu, 2 threads per core) family 6 model 69 stepping 1, cmov, cx8, fxsr, mmx, sse, sse2, sse3, ssse3, sse4.1, sse4.2, popcnt, avx, avx2, aes, clmul, erms, lzcnt, ht, tsc, tscinvbit, bmi1, bmi2

Memory: 4k page, physical 4096180k(277304k free), swap 4096180k(4208k free)

vm_info: OpenJDK 64-Bit Server VM (25.112-b06) for windows-amd64 JRE (1.8.0_112-release-b06), built on Dec  8 2016 00:54:26 by "builder" with MS VC++ 10.0 (VS2010)

time: Sat Jun 24 16:49:55 2017
elapsed time: 165 seconds (0d 0h 2m 45s)

