#
# There is insufficient memory for the Java Runtime Environment to continue.
# Native memory allocation (malloc) failed to allocate 254832 bytes for Chunk::new
# Possible reasons:
#   The system is out of physical RAM or swap space
#   In 32 bit mode, the process size limit was hit
# Possible solutions:
#   Reduce memory load on the system
#   Increase physical memory or swap space
#   Check if swap backing store is full
#   Use 64 bit Java on a 64 bit OS
#   Decrease Java heap size (-Xmx/-Xms)
#   Decrease number of Java threads
#   Decrease Java thread stack sizes (-Xss)
#   Set larger code cache with -XX:ReservedCodeCacheSize=
# This output file may be truncated or incomplete.
#
#  Out of Memory Error (allocation.cpp:390), pid=4152, tid=0x0000000000002778
#
# JRE version: OpenJDK Runtime Environment (8.0_112-b06) (build 1.8.0_112-release-b06)
# Java VM: OpenJDK 64-Bit Server VM (25.112-b06 mixed mode windows-amd64 compressed oops)
# Failed to write core dump. Minidumps are not enabled by default on client versions of Windows
#

---------------  T H R E A D  ---------------

Current thread (0x000000001609e800):  JavaThread "C2 CompilerThread1" daemon [_thread_in_native, id=10104, stack(0x00000000176e0000,0x00000000177e0000)]

Stack: [0x00000000176e0000,0x00000000177e0000]
[error occurred during error reporting (printing stack bounds), id 0xc0000005]

Native frames: (J=compiled Java code, j=interpreted, Vv=VM code, C=native code)


Current CompileTask:
C2:   4037 1431   !   4       java.net.URLClassLoader$1::run (63 bytes)


---------------  P R O C E S S  ---------------

Java Threads: ( => current thread )
  0x0000000019be5800 JavaThread "File lock request listener" [_thread_in_native, id=6992, stack(0x000000001bd10000,0x000000001be10000)]
  0x0000000018d4d000 JavaThread "Stdin handler" [_thread_blocked, id=7244, stack(0x000000001b8d0000,0x000000001b9d0000)]
  0x0000000018eef800 JavaThread "Asynchronous log dispatcher for DefaultDaemonConnection: socket connection from /127.0.0.1:50429 to /127.0.0.1:50430" [_thread_blocked, id=6592, stack(0x000000001b7d0000,0x000000001b8d0000)]
  0x0000000018eee800 JavaThread "Daemon worker" [_thread_in_native, id=9884, stack(0x000000001b6d0000,0x000000001b7d0000)]
  0x0000000018f73800 JavaThread "Cancel handler" [_thread_blocked, id=10220, stack(0x000000001b5d0000,0x000000001b6d0000)]
  0x0000000018f6c800 JavaThread "pool-1-thread-1" [_thread_blocked, id=9980, stack(0x000000001b4d0000,0x000000001b5d0000)]
  0x0000000019198000 JavaThread "Handler for socket connection from /127.0.0.1:50429 to /127.0.0.1:50430" [_thread_in_native, id=1356, stack(0x000000001b3d0000,0x000000001b4d0000)]
  0x0000000019196800 JavaThread "Daemon" [_thread_blocked, id=1772, stack(0x000000001b2d0000,0x000000001b3d0000)]
  0x0000000018b03000 JavaThread "Incoming local TCP Connector on port 50429" [_thread_in_native, id=5264, stack(0x00000000196b0000,0x00000000197b0000)]
  0x0000000017908800 JavaThread "Service Thread" daemon [_thread_blocked, id=5760, stack(0x0000000017ce0000,0x0000000017de0000)]
  0x00000000160a1800 JavaThread "C1 CompilerThread2" daemon [_thread_blocked, id=7784, stack(0x00000000177e0000,0x00000000178e0000)]
=>0x000000001609e800 JavaThread "C2 CompilerThread1" daemon [_thread_in_native, id=10104, stack(0x00000000176e0000,0x00000000177e0000)]
  0x000000001609b000 JavaThread "C2 CompilerThread0" daemon [_thread_in_native, id=6684, stack(0x00000000175e0000,0x00000000176e0000)]
  0x0000000016099800 JavaThread "Attach Listener" daemon [_thread_blocked, id=9236, stack(0x00000000174e0000,0x00000000175e0000)]
  0x0000000016098800 JavaThread "Signal Dispatcher" daemon [_thread_blocked, id=7988, stack(0x00000000173e0000,0x00000000174e0000)]
  0x00000000011eb000 JavaThread "Finalizer" daemon [_thread_blocked, id=6872, stack(0x00000000171e0000,0x00000000172e0000)]
  0x00000000011e0800 JavaThread "Reference Handler" daemon [_thread_blocked, id=7716, stack(0x00000000170e0000,0x00000000171e0000)]
  0x00000000010f0800 JavaThread "main" [_thread_blocked, id=3444, stack(0x0000000000fd0000,0x00000000010d0000)]

Other Threads:
  0x0000000016065800 VMThread [stack: 0x0000000016fe0000,0x00000000170e0000] [id=9892]
  0x00000000160fd800 WatcherThread [stack: 0x0000000017de0000,0x0000000017ee0000] [id=9868]

VM state:not at safepoint (normal execution)

VM Mutex/Monitor currently owned by a thread: None

Heap:
 PSYoungGen      total 35328K, used 6479K [0x00000000e0000000, 0x00000000e2500000, 0x0000000100000000)
  eden space 32768K, 12% used [0x00000000e0000000,0x00000000e03dbf20,0x00000000e2000000)
  from space 2560K, 98% used [0x00000000e2000000,0x00000000e2278020,0x00000000e2280000)
  to   space 2560K, 0% used [0x00000000e2280000,0x00000000e2280000,0x00000000e2500000)
 ParOldGen       total 44032K, used 8485K [0x00000000a0000000, 0x00000000a2b00000, 0x00000000e0000000)
  object space 44032K, 19% used [0x00000000a0000000,0x00000000a08494d0,0x00000000a2b00000)
 Metaspace       used 17038K, capacity 17462K, committed 17664K, reserved 1064960K
  class space    used 2371K, capacity 2500K, committed 2560K, reserved 1048576K

Card table byte_map: [0x00000000015b0000,0x00000000018c0000] byte_map_base: 0x00000000010b0000

Marking Bits: (ParMarkBitMap*) 0x00000000746118f0
 Begin Bits: [0x0000000012400000, 0x0000000013c00000)
 End Bits:   [0x0000000013c00000, 0x0000000015400000)

Polling page: 0x0000000000740000

CodeCache: size=245760Kb used=5205Kb max_used=5205Kb free=240555Kb
 bounds [0x0000000003400000, 0x0000000003920000, 0x0000000012400000]
 total_blobs=1890 nmethods=1495 adapters=308
 compilation: enabled

Compilation events (10 events):
Event: 4.003 Thread 0x00000000160a1800 1499       3       sun.security.provider.MD5::HH (29 bytes)
Event: 4.003 Thread 0x00000000160a1800 nmethod 1499 0x0000000003911f90 code [0x00000000039120e0, 0x0000000003912250]
Event: 4.008 Thread 0x00000000160a1800 1505       3       java.util.LinkedList::<init> (10 bytes)
Event: 4.009 Thread 0x00000000160a1800 nmethod 1505 0x00000000039122d0 code [0x0000000003912440, 0x0000000003912710]
Event: 4.009 Thread 0x00000000160a1800 1506       3       java.util.AbstractSequentialList::<init> (5 bytes)
Event: 4.009 Thread 0x00000000160a1800 nmethod 1506 0x0000000003912850 code [0x00000000039129c0, 0x0000000003912c30]
Event: 4.009 Thread 0x00000000160a1800 1507       3       sun.security.provider.MD5::implCompress (1508 bytes)
Event: 4.017 Thread 0x00000000160a1800 nmethod 1507 0x0000000003912d50 code [0x00000000039130e0, 0x00000000039157e8]
Event: 4.017 Thread 0x00000000160a1800 1508       3       sun.security.provider.ByteArrayAccess::b2iLittle64 (614 bytes)
Event: 4.018 Thread 0x00000000160a1800 nmethod 1508 0x0000000003916e50 code [0x0000000003916fe0, 0x0000000003917568]

GC Heap History (10 events):
Event: 0.853 GC heap before
{Heap before GC invocations=1 (full 0):
 PSYoungGen      total 18944K, used 16384K [0x00000000e0000000, 0x00000000e1500000, 0x0000000100000000)
  eden space 16384K, 100% used [0x00000000e0000000,0x00000000e1000000,0x00000000e1000000)
  from space 2560K, 0% used [0x00000000e1280000,0x00000000e1280000,0x00000000e1500000)
  to   space 2560K, 0% used [0x00000000e1000000,0x00000000e1000000,0x00000000e1280000)
 ParOldGen       total 44032K, used 0K [0x00000000a0000000, 0x00000000a2b00000, 0x00000000e0000000)
  object space 44032K, 0% used [0x00000000a0000000,0x00000000a0000000,0x00000000a2b00000)
 Metaspace       used 6185K, capacity 6356K, committed 6528K, reserved 1056768K
  class space    used 758K, capacity 796K, committed 896K, reserved 1048576K
Event: 0.861 GC heap after
Heap after GC invocations=1 (full 0):
 PSYoungGen      total 18944K, used 2540K [0x00000000e0000000, 0x00000000e1500000, 0x0000000100000000)
  eden space 16384K, 0% used [0x00000000e0000000,0x00000000e0000000,0x00000000e1000000)
  from space 2560K, 99% used [0x00000000e1000000,0x00000000e127b088,0x00000000e1280000)
  to   space 2560K, 0% used [0x00000000e1280000,0x00000000e1280000,0x00000000e1500000)
 ParOldGen       total 44032K, used 642K [0x00000000a0000000, 0x00000000a2b00000, 0x00000000e0000000)
  object space 44032K, 1% used [0x00000000a0000000,0x00000000a00a0b78,0x00000000a2b00000)
 Metaspace       used 6185K, capacity 6356K, committed 6528K, reserved 1056768K
  class space    used 758K, capacity 796K, committed 896K, reserved 1048576K
}
Event: 1.189 GC heap before
{Heap before GC invocations=2 (full 0):
 PSYoungGen      total 18944K, used 18924K [0x00000000e0000000, 0x00000000e1500000, 0x0000000100000000)
  eden space 16384K, 100% used [0x00000000e0000000,0x00000000e1000000,0x00000000e1000000)
  from space 2560K, 99% used [0x00000000e1000000,0x00000000e127b088,0x00000000e1280000)
  to   space 2560K, 0% used [0x00000000e1280000,0x00000000e1280000,0x00000000e1500000)
 ParOldGen       total 44032K, used 642K [0x00000000a0000000, 0x00000000a2b00000, 0x00000000e0000000)
  object space 44032K, 1% used [0x00000000a0000000,0x00000000a00a0b78,0x00000000a2b00000)
 Metaspace       used 6804K, capacity 7028K, committed 7040K, reserved 1056768K
  class space    used 833K, capacity 892K, committed 896K, reserved 1048576K
Event: 1.193 GC heap after
Heap after GC invocations=2 (full 0):
 PSYoungGen      total 18944K, used 2499K [0x00000000e0000000, 0x00000000e2500000, 0x0000000100000000)
  eden space 16384K, 0% used [0x00000000e0000000,0x00000000e0000000,0x00000000e1000000)
  from space 2560K, 97% used [0x00000000e1280000,0x00000000e14f0d30,0x00000000e1500000)
  to   space 2560K, 0% used [0x00000000e1000000,0x00000000e1000000,0x00000000e1280000)
 ParOldGen       total 44032K, used 650K [0x00000000a0000000, 0x00000000a2b00000, 0x00000000e0000000)
  object space 44032K, 1% used [0x00000000a0000000,0x00000000a00a2b78,0x00000000a2b00000)
 Metaspace       used 6804K, capacity 7028K, committed 7040K, reserved 1056768K
  class space    used 833K, capacity 892K, committed 896K, reserved 1048576K
}
Event: 1.783 GC heap before
{Heap before GC invocations=3 (full 0):
 PSYoungGen      total 18944K, used 18883K [0x00000000e0000000, 0x00000000e2500000, 0x0000000100000000)
  eden space 16384K, 100% used [0x00000000e0000000,0x00000000e1000000,0x00000000e1000000)
  from space 2560K, 97% used [0x00000000e1280000,0x00000000e14f0d30,0x00000000e1500000)
  to   space 2560K, 0% used [0x00000000e1000000,0x00000000e1000000,0x00000000e1280000)
 ParOldGen       total 44032K, used 650K [0x00000000a0000000, 0x00000000a2b00000, 0x00000000e0000000)
  object space 44032K, 1% used [0x00000000a0000000,0x00000000a00a2b78,0x00000000a2b00000)
 Metaspace       used 8921K, capacity 9172K, committed 9472K, reserved 1056768K
  class space    used 1139K, capacity 1223K, committed 1280K, reserved 1048576K
Event: 1.789 GC heap after
Heap after GC invocations=3 (full 0):
 PSYoungGen      total 18944K, used 2528K [0x00000000e0000000, 0x00000000e2500000, 0x0000000100000000)
  eden space 16384K, 0% used [0x00000000e0000000,0x00000000e0000000,0x00000000e1000000)
  from space 2560K, 98% used [0x00000000e1000000,0x00000000e1278020,0x00000000e1280000)
  to   space 2560K, 0% used [0x00000000e2280000,0x00000000e2280000,0x00000000e2500000)
 ParOldGen       total 44032K, used 1932K [0x00000000a0000000, 0x00000000a2b00000, 0x00000000e0000000)
  object space 44032K, 4% used [0x00000000a0000000,0x00000000a01e3078,0x00000000a2b00000)
 Metaspace       used 8921K, capacity 9172K, committed 9472K, reserved 1056768K
  class space    used 1139K, capacity 1223K, committed 1280K, reserved 1048576K
}
Event: 2.686 GC heap before
{Heap before GC invocations=4 (full 0):
 PSYoungGen      total 18944K, used 18912K [0x00000000e0000000, 0x00000000e2500000, 0x0000000100000000)
  eden space 16384K, 100% used [0x00000000e0000000,0x00000000e1000000,0x00000000e1000000)
  from space 2560K, 98% used [0x00000000e1000000,0x00000000e1278020,0x00000000e1280000)
  to   space 2560K, 0% used [0x00000000e2280000,0x00000000e2280000,0x00000000e2500000)
 ParOldGen       total 44032K, used 1932K [0x00000000a0000000, 0x00000000a2b00000, 0x00000000e0000000)
  object space 44032K, 4% used [0x00000000a0000000,0x00000000a01e3078,0x00000000a2b00000)
 Metaspace       used 13138K, capacity 13460K, committed 13696K, reserved 1060864K
  class space    used 1742K, capacity 1876K, committed 1920K, reserved 1048576K
Event: 2.694 GC heap after
Heap after GC invocations=4 (full 0):
 PSYoungGen      total 35328K, used 2528K [0x00000000e0000000, 0x00000000e2500000, 0x0000000100000000)
  eden space 32768K, 0% used [0x00000000e0000000,0x00000000e0000000,0x00000000e2000000)
  from space 2560K, 98% used [0x00000000e2280000,0x00000000e24f8020,0x00000000e2500000)
  to   space 2560K, 0% used [0x00000000e2000000,0x00000000e2000000,0x00000000e2280000)
 ParOldGen       total 44032K, used 4227K [0x00000000a0000000, 0x00000000a2b00000, 0x00000000e0000000)
  object space 44032K, 9% used [0x00000000a0000000,0x00000000a0420fb0,0x00000000a2b00000)
 Metaspace       used 13138K, capacity 13460K, committed 13696K, reserved 1060864K
  class space    used 1742K, capacity 1876K, committed 1920K, reserved 1048576K
}
Event: 3.752 GC heap before
{Heap before GC invocations=5 (full 0):
 PSYoungGen      total 35328K, used 35296K [0x00000000e0000000, 0x00000000e2500000, 0x0000000100000000)
  eden space 32768K, 100% used [0x00000000e0000000,0x00000000e2000000,0x00000000e2000000)
  from space 2560K, 98% used [0x00000000e2280000,0x00000000e24f8020,0x00000000e2500000)
  to   space 2560K, 0% used [0x00000000e2000000,0x00000000e2000000,0x00000000e2280000)
 ParOldGen       total 44032K, used 4227K [0x00000000a0000000, 0x00000000a2b00000, 0x00000000e0000000)
  object space 44032K, 9% used [0x00000000a0000000,0x00000000a0420fb0,0x00000000a2b00000)
 Metaspace       used 16545K, capacity 16944K, committed 17152K, reserved 1064960K
  class space    used 2305K, capacity 2434K, committed 2560K, reserved 1048576K
Event: 3.765 GC heap after
Heap after GC invocations=5 (full 0):
 PSYoungGen      total 35328K, used 2528K [0x00000000e0000000, 0x00000000e2500000, 0x0000000100000000)
  eden space 32768K, 0% used [0x00000000e0000000,0x00000000e0000000,0x00000000e2000000)
  from space 2560K, 98% used [0x00000000e2000000,0x00000000e2278020,0x00000000e2280000)
  to   space 2560K, 0% used [0x00000000e2280000,0x00000000e2280000,0x00000000e2500000)
 ParOldGen       total 44032K, used 8485K [0x00000000a0000000, 0x00000000a2b00000, 0x00000000e0000000)
  object space 44032K, 19% used [0x00000000a0000000,0x00000000a08494d0,0x00000000a2b00000)
 Metaspace       used 16545K, capacity 16944K, committed 17152K, reserved 1064960K
  class space    used 2305K, capacity 2434K, committed 2560K, reserved 1048576K
}

Deoptimization events (10 events):
Event: 3.618 Thread 0x0000000018eee800 Uncommon trap: reason=bimorphic action=maybe_recompile pc=0x0000000003853fa4 method=java.lang.ClassLoader.loadClass(Ljava/lang/String;Z)Ljava/lang/Class; @ 38
Event: 3.618 Thread 0x0000000018eee800 Uncommon trap: reason=bimorphic action=maybe_recompile pc=0x0000000003853fa4 method=java.lang.ClassLoader.loadClass(Ljava/lang/String;Z)Ljava/lang/Class; @ 38
Event: 3.619 Thread 0x0000000018eee800 Uncommon trap: reason=bimorphic action=maybe_recompile pc=0x0000000003853fa4 method=java.lang.ClassLoader.loadClass(Ljava/lang/String;Z)Ljava/lang/Class; @ 38
Event: 3.738 Thread 0x0000000018eee800 Uncommon trap: reason=predicate action=maybe_recompile pc=0x00000000038b03c8 method=sun.security.provider.DigestBase.implCompressMultiBlock([BII)I @ 5
Event: 3.783 Thread 0x0000000018eee800 Uncommon trap: reason=unstable_if action=reinterpret pc=0x00000000036d5310 method=java.lang.AbstractStringBuilder.append(Ljava/lang/String;)Ljava/lang/AbstractStringBuilder; @ 1
Event: 3.783 Thread 0x0000000018eee800 Uncommon trap: reason=unstable_if action=reinterpret pc=0x0000000003620c50 method=java.lang.AbstractStringBuilder.append(Ljava/lang/String;)Ljava/lang/AbstractStringBuilder; @ 1
Event: 3.929 Thread 0x0000000018eee800 Uncommon trap: reason=class_check action=maybe_recompile pc=0x0000000003601228 method=java.lang.String.equals(Ljava/lang/Object;)Z @ 8
Event: 3.929 Thread 0x0000000018eee800 Uncommon trap: reason=class_check action=maybe_recompile pc=0x0000000003601228 method=java.lang.String.equals(Ljava/lang/Object;)Z @ 8
Event: 3.931 Thread 0x0000000018eee800 Uncommon trap: reason=class_check action=maybe_recompile pc=0x0000000003601228 method=java.lang.String.equals(Ljava/lang/Object;)Z @ 8
Event: 3.931 Thread 0x0000000018eee800 Uncommon trap: reason=class_check action=maybe_recompile pc=0x0000000003601228 method=java.lang.String.equals(Ljava/lang/Object;)Z @ 8

Internal exceptions (10 events):
Event: 3.265 Thread 0x0000000018eee800 Exception <a 'java/lang/NoSuchMethodError': <clinit>> (0x00000000e1b326b0) thrown at [C:\src\android\AOSP-openjdk\external\jetbrains\jdk\hotspot\src\share\vm\prims\jni.cpp, line 1613]
Event: 3.267 Thread 0x0000000018eee800 Exception <a 'java/lang/NoSuchMethodError': <clinit>> (0x00000000e1b3e9a8) thrown at [C:\src\android\AOSP-openjdk\external\jetbrains\jdk\hotspot\src\share\vm\prims\jni.cpp, line 1613]
Event: 3.268 Thread 0x0000000018eee800 Exception <a 'java/lang/NoSuchMethodError': <clinit>> (0x00000000e1b48e18) thrown at [C:\src\android\AOSP-openjdk\external\jetbrains\jdk\hotspot\src\share\vm\prims\jni.cpp, line 1613]
Event: 3.621 Thread 0x0000000018eee800 Exception <a 'java/lang/NoSuchMethodError': <clinit>> (0x00000000e1c840b8) thrown at [C:\src\android\AOSP-openjdk\external\jetbrains\jdk\hotspot\src\share\vm\prims\jni.cpp, line 1613]
Event: 3.633 Thread 0x0000000018eee800 Exception <a 'java/lang/NoSuchMethodError': <clinit>> (0x00000000e1cc8d60) thrown at [C:\src\android\AOSP-openjdk\external\jetbrains\jdk\hotspot\src\share\vm\prims\jni.cpp, line 1613]
Event: 3.637 Thread 0x0000000018eee800 Exception <a 'java/lang/NoSuchMethodError': <clinit>> (0x00000000e1ce1548) thrown at [C:\src\android\AOSP-openjdk\external\jetbrains\jdk\hotspot\src\share\vm\prims\jni.cpp, line 1613]
Event: 3.638 Thread 0x0000000018eee800 Exception <a 'java/lang/NoSuchMethodError': <clinit>> (0x00000000e1cebfe0) thrown at [C:\src\android\AOSP-openjdk\external\jetbrains\jdk\hotspot\src\share\vm\prims\jni.cpp, line 1613]
Event: 3.641 Thread 0x0000000018eee800 Exception <a 'java/lang/NoSuchMethodError': <clinit>> (0x00000000e1d0dcb0) thrown at [C:\src\android\AOSP-openjdk\external\jetbrains\jdk\hotspot\src\share\vm\prims\jni.cpp, line 1613]
Event: 3.783 Thread 0x0000000018eee800 Implicit null exception at 0x00000000036d4f56 to 0x00000000036d52f9
Event: 3.783 Thread 0x0000000018eee800 Implicit null exception at 0x0000000003620896 to 0x0000000003620c39

Events (10 events):
Event: 4.018 loading class com/google/common/collect/SortedMultiset
Event: 4.018 loading class com/google/common/collect/SortedMultiset done
Event: 4.019 loading class com/google/common/collect/SortedMultisetBridge
Event: 4.019 loading class com/google/common/collect/SortedMultisetBridge done
Event: 4.019 loading class com/google/common/collect/SortedIterable
Event: 4.019 loading class com/google/common/collect/SortedIterable done
Event: 4.020 loading class com/google/common/collect/Multiset$Entry
Event: 4.020 loading class com/google/common/collect/Multiset$Entry done
Event: 4.020 loading class com/google/common/collect/Ordering
Event: 4.020 loading class com/google/common/collect/Ordering done


Dynamic libraries:
0x00007ff6a3d90000 - 0x00007ff6a3dc1000 	C:\Program Files\Android\Android Studio\jre\bin\java.exe
0x00007ffcdfd40000 - 0x00007ffcdff11000 	C:\WINDOWS\SYSTEM32\ntdll.dll
0x00007ffcdd850000 - 0x00007ffcdd8fb000 	C:\WINDOWS\System32\KERNEL32.DLL
0x00007ffcdc460000 - 0x00007ffcdc67d000 	C:\WINDOWS\System32\KERNELBASE.dll
0x00007ffcdd3f0000 - 0x00007ffcdd492000 	C:\WINDOWS\System32\ADVAPI32.dll
0x00007ffcdd350000 - 0x00007ffcdd3ee000 	C:\WINDOWS\System32\msvcrt.dll
0x00007ffcdd630000 - 0x00007ffcdd689000 	C:\WINDOWS\System32\sechost.dll
0x00007ffcdd4a0000 - 0x00007ffcdd5c1000 	C:\WINDOWS\System32\RPCRT4.dll
0x00007ffcddd30000 - 0x00007ffcdde95000 	C:\WINDOWS\System32\USER32.dll
0x00007ffcdcab0000 - 0x00007ffcdcace000 	C:\WINDOWS\System32\win32u.dll
0x00007ffcdfa30000 - 0x00007ffcdfa64000 	C:\WINDOWS\System32\GDI32.dll
0x00007ffcdc230000 - 0x00007ffcdc3b2000 	C:\WINDOWS\System32\gdi32full.dll
0x00007ffcd1b80000 - 0x00007ffcd1dfa000 	C:\WINDOWS\WinSxS\amd64_microsoft.windows.common-controls_6595b64144ccf1df_6.0.14393.953_none_42151e83c686086b\COMCTL32.dll
0x00007ffcdfa70000 - 0x00007ffcdfd38000 	C:\WINDOWS\System32\combase.dll
0x00007ffcdc680000 - 0x00007ffcdc775000 	C:\WINDOWS\System32\ucrtbase.dll
0x00007ffcdd260000 - 0x00007ffcdd2ca000 	C:\WINDOWS\System32\bcryptPrimitives.dll
0x00007ffcdf420000 - 0x00007ffcdf44e000 	C:\WINDOWS\System32\IMM32.DLL
0x0000000073d20000 - 0x0000000073df2000 	C:\Program Files\Android\Android Studio\jre\jre\bin\msvcr100.dll
0x0000000073e50000 - 0x000000007468c000 	C:\Program Files\Android\Android Studio\jre\jre\bin\server\jvm.dll
0x00007ffcdf750000 - 0x00007ffcdf758000 	C:\WINDOWS\System32\PSAPI.DLL
0x00007ffccbee0000 - 0x00007ffccbee9000 	C:\WINDOWS\SYSTEM32\WSOCK32.dll
0x00007ffcda0b0000 - 0x00007ffcda0d3000 	C:\WINDOWS\SYSTEM32\WINMM.dll
0x00007ffcddea0000 - 0x00007ffcddf0a000 	C:\WINDOWS\System32\WS2_32.dll
0x00007ffcd27f0000 - 0x00007ffcd27fa000 	C:\WINDOWS\SYSTEM32\VERSION.dll
0x00007ffcda080000 - 0x00007ffcda0ab000 	C:\WINDOWS\SYSTEM32\WINMMBASE.dll
0x00007ffcdc830000 - 0x00007ffcdc872000 	C:\WINDOWS\System32\cfgmgr32.dll
0x00007ffcd0720000 - 0x00007ffcd072f000 	C:\Program Files\Android\Android Studio\jre\jre\bin\verify.dll
0x00007ffcc9e20000 - 0x00007ffcc9e49000 	C:\Program Files\Android\Android Studio\jre\jre\bin\java.dll
0x00007ffccd360000 - 0x00007ffccd376000 	C:\Program Files\Android\Android Studio\jre\jre\bin\zip.dll
0x00007ffcddf10000 - 0x00007ffcdf418000 	C:\WINDOWS\System32\SHELL32.dll
0x00007ffcdcad0000 - 0x00007ffcdd1aa000 	C:\WINDOWS\System32\windows.storage.dll
0x00007ffcdc1d0000 - 0x00007ffcdc21c000 	C:\WINDOWS\System32\powrprof.dll
0x00007ffcdd5d0000 - 0x00007ffcdd622000 	C:\WINDOWS\System32\shlwapi.dll
0x00007ffcdc220000 - 0x00007ffcdc22f000 	C:\WINDOWS\System32\kernel.appcore.dll
0x00007ffcdc780000 - 0x00007ffcdc829000 	C:\WINDOWS\System32\shcore.dll
0x00007ffcdc1b0000 - 0x00007ffcdc1c4000 	C:\WINDOWS\System32\profapi.dll
0x00007ffcccff0000 - 0x00007ffccd00a000 	C:\Program Files\Android\Android Studio\jre\jre\bin\net.dll
0x00007ffcdba70000 - 0x00007ffcdbacc000 	C:\WINDOWS\system32\mswsock.dll
0x00007ffccbaf0000 - 0x00007ffccbb01000 	C:\Program Files\Android\Android Studio\jre\jre\bin\nio.dll
0x00007ffcb69a0000 - 0x00007ffcb69be000 	C:\Users\Willian.Matos\.gradle\native\23\windows-amd64\native-platform.dll
0x00007ffcdbc10000 - 0x00007ffcdbc27000 	C:\WINDOWS\SYSTEM32\CRYPTSP.dll
0x00007ffcdb670000 - 0x00007ffcdb6a3000 	C:\WINDOWS\system32\rsaenh.dll
0x00007ffcdc0e0000 - 0x00007ffcdc10b000 	C:\WINDOWS\SYSTEM32\bcrypt.dll
0x00007ffcdb8f0000 - 0x00007ffcdb90f000 	C:\WINDOWS\SYSTEM32\USERENV.dll
0x00007ffcdbc30000 - 0x00007ffcdbc3b000 	C:\WINDOWS\SYSTEM32\CRYPTBASE.dll
0x00007ffcdb7f0000 - 0x00007ffcdb828000 	C:\WINDOWS\SYSTEM32\IPHLPAPI.DLL
0x00007ffcdd2d0000 - 0x00007ffcdd2d8000 	C:\WINDOWS\System32\NSI.dll
0x00007ffcd5d80000 - 0x00007ffcd5d96000 	C:\WINDOWS\SYSTEM32\dhcpcsvc6.DLL
0x00007ffcd5f70000 - 0x00007ffcd5f8a000 	C:\WINDOWS\SYSTEM32\dhcpcsvc.DLL
0x00007ffccfd70000 - 0x00007ffccfd7d000 	C:\Program Files\Android\Android Studio\jre\jre\bin\management.dll

VM Arguments:
jvm_args: -Xmx1536m -Dfile.encoding=windows-1252 -Duser.country=BR -Duser.language=pt -Duser.variant 
java_command: org.gradle.launcher.daemon.bootstrap.GradleDaemon 3.3
java_class_path (initial): C:\Users\Willian.Matos\.gradle\wrapper\dists\gradle-3.3-all\55gk2rcmfc6p2dg9u9ohc3hw9\gradle-3.3\lib\gradle-launcher-3.3.jar
Launcher Type: SUN_STANDARD

Environment Variables:
PATH=C:\ProgramData\Oracle\Java\javapath;c:\Program Files (x86)\Intel\iCLS Client\;c:\Program Files\Intel\iCLS Client\;C:\WINDOWS\system32;C:\WINDOWS;C:\WINDOWS\System32\Wbem;C:\WINDOWS\System32\WindowsPowerShell\v1.0\;C:\Program Files\Intel\Intel(R) Management Engine Components\DAL;C:\Program Files\Intel\Intel(R) Management Engine Components\IPT;C:\Program Files (x86)\Intel\Intel(R) Management Engine Components\DAL;C:\Program Files (x86)\Intel\Intel(R) Management Engine Components\IPT;C:\Program Files (x86)\Windows Live\Shared;C:\Program Files (x86)\Skype\Phone\;C:\Users\Willian.Matos\AppData\Local\Microsoft\WindowsApps;
USERNAME=Willian.Matos
OS=Windows_NT
PROCESSOR_IDENTIFIER=Intel64 Family 6 Model 69 Stepping 1, GenuineIntel



---------------  S Y S T E M  ---------------

OS: Windows 10.0 , 64 bit Build 14393 (10.0.14393.0)

CPU:total 4 (2 cores per cpu, 2 threads per core) family 6 model 69 stepping 1, cmov, cx8, fxsr, mmx, sse, sse2, sse3, ssse3, sse4.1, sse4.2, popcnt, avx, avx2, aes, clmul, erms, lzcnt, ht, tsc, tscinvbit, bmi1, bmi2

Memory: 4k page, physical 4096180k(260076k free), swap 4096180k(4440k free)

vm_info: OpenJDK 64-Bit Server VM (25.112-b06) for windows-amd64 JRE (1.8.0_112-release-b06), built on Dec  8 2016 00:54:26 by "builder" with MS VC++ 10.0 (VS2010)

time: Fri May 12 00:11:30 2017
elapsed time: 4 seconds (0d 0h 0m 4s)

